[ 2017-06-02T21:11:11+08:00 ] 127.0.0.1 /index.php/Admin
INFO: [ app_init ] --START--
INFO: Run Behavior\BuildLiteBehavior [ RunTime:0.000000s ]
INFO: [ app_init ] --END-- [ RunTime:0.001000s ]
INFO: [ app_begin ] --START--
INFO: Run Behavior\ReadHtmlCacheBehavior [ RunTime:0.000000s ]
INFO: [ app_begin ] --END-- [ RunTime:0.001000s ]
NOTIC: [2048] Declaration of Admin\Controller\IndexController::_initialize() should be compatible with Admin\Controller\BaseController::_initialize($islogin = true) F:\tpBlog\Application\Admin\Controller\IndexController.class.php 第 4 行.
NOTIC: [2048] Declaration of Admin\Controller\IndexController::error() should be compatible with Think\Controller::error($message = '', $jumpUrl = '', $ajax = false) F:\tpBlog\Application\Admin\Controller\IndexController.class.php 第 4 行.
NOTIC: [8] Undefined index: is_login F:\tpBlog\Application\Admin\Controller\BaseController.class.php 第 22 行.

[ 2017-06-02T21:11:11+08:00 ] 127.0.0.1 /index.php/Admin/Login/login
INFO: [ app_init ] --START--
INFO: Run Behavior\BuildLiteBehavior [ RunTime:0.000000s ]
INFO: [ app_init ] --END-- [ RunTime:0.000000s ]
INFO: [ app_begin ] --START--
INFO: Run Behavior\ReadHtmlCacheBehavior [ RunTime:0.001000s ]
INFO: [ app_begin ] --END-- [ RunTime:0.001000s ]
SQL: SHOW COLUMNS FROM `b_user` [ RunTime:0.0240s ]
INFO: [ view_parse ] --START--
INFO: [ template_filter ] --START--
INFO: Run Behavior\ContentReplaceBehavior [ RunTime:0.000000s ]
INFO: [ template_filter ] --END-- [ RunTime:0.000000s ]
INFO: Run Behavior\ParseTemplateBehavior [ RunTime:0.007000s ]
INFO: [ view_parse ] --END-- [ RunTime:0.007000s ]
INFO: [ view_filter ] --START--
INFO: Run Behavior\WriteHtmlCacheBehavior [ RunTime:0.000000s ]
INFO: [ view_filter ] --END-- [ RunTime:0.000000s ]
INFO: [ app_end ] --START--
INFO: Run Behavior\ShowPageTraceBehavior [ RunTime:0.000000s ]
INFO: [ app_end ] --END-- [ RunTime:0.001000s ]

[ 2017-06-02T21:11:12+08:00 ] 127.0.0.1 /index.php/Admin/Login/verify_c
INFO: [ app_init ] --START--
INFO: Run Behavior\BuildLiteBehavior [ RunTime:0.000000s ]
INFO: [ app_init ] --END-- [ RunTime:0.001000s ]
INFO: [ app_begin ] --START--
INFO: Run Behavior\ReadHtmlCacheBehavior [ RunTime:0.000000s ]
INFO: [ app_begin ] --END-- [ RunTime:0.000000s ]
INFO: [ app_end ] --START--
INFO: Run Behavior\ShowPageTraceBehavior [ RunTime:0.000000s ]
INFO: [ app_end ] --END-- [ RunTime:0.000000s ]

[ 2017-06-02T21:11:14+08:00 ] 127.0.0.1 /index.php/Admin/Login/verify_c?0.8533219412462671
INFO: [ app_init ] --START--
INFO: Run Behavior\BuildLiteBehavior [ RunTime:0.000000s ]
INFO: [ app_init ] --END-- [ RunTime:0.000000s ]
INFO: [ app_begin ] --START--
INFO: Run Behavior\ReadHtmlCacheBehavior [ RunTime:0.000000s ]
INFO: [ app_begin ] --END-- [ RunTime:0.000000s ]
INFO: [ app_end ] --START--
INFO: Run Behavior\ShowPageTraceBehavior [ RunTime:0.000000s ]
INFO: [ app_end ] --END-- [ RunTime:0.001000s ]

[ 2017-06-02T21:11:14+08:00 ] 127.0.0.1 /index.php/Admin/Login/verify_c?0.8533219412462671&random=0.5469001489919354
INFO: [ app_init ] --START--
INFO: Run Behavior\BuildLiteBehavior [ RunTime:0.000000s ]
INFO: [ app_init ] --END-- [ RunTime:0.001000s ]
INFO: [ app_begin ] --START--
INFO: Run Behavior\ReadHtmlCacheBehavior [ RunTime:0.001000s ]
INFO: [ app_begin ] --END-- [ RunTime:0.001000s ]
INFO: [ app_end ] --START--
INFO: Run Behavior\ShowPageTraceBehavior [ RunTime:0.000000s ]
INFO: [ app_end ] --END-- [ RunTime:0.000000s ]

[ 2017-06-02T21:11:18+08:00 ] 127.0.0.1 /index.php/Admin/Login/login
INFO: [ app_init ] --START--
INFO: Run Behavior\BuildLiteBehavior [ RunTime:0.000000s ]
INFO: [ app_init ] --END-- [ RunTime:0.001000s ]
INFO: [ app_begin ] --START--
INFO: Run Behavior\ReadHtmlCacheBehavior [ RunTime:0.001000s ]
INFO: [ app_begin ] --END-- [ RunTime:0.001000s ]
SQL: SHOW COLUMNS FROM `b_user` [ RunTime:0.0070s ]
NOTIC: [8] Undefined index: auto F:\tpBlog\ThinkPHP\Library\Think\Model.class.php 第 1128 行.
SQL: SELECT * FROM `b_user` WHERE `username` = 'yxl' AND `password` = 'c2ebe01cd05aeac16b78dc9177171dd4' LIMIT 1   [ RunTime:0.0100s ]
NOTIC: [8] A session had already been started - ignoring session_start() F:\tpBlog\ThinkPHP\Common\functions.php 第 1263 行.

[ 2017-06-02T21:11:19+08:00 ] 127.0.0.1 /index.php/Admin/Index/index
INFO: [ app_init ] --START--
INFO: Run Behavior\BuildLiteBehavior [ RunTime:0.000000s ]
INFO: [ app_init ] --END-- [ RunTime:0.001000s ]
INFO: [ app_begin ] --START--
INFO: Run Behavior\ReadHtmlCacheBehavior [ RunTime:0.001000s ]
INFO: [ app_begin ] --END-- [ RunTime:0.001000s ]
NOTIC: [2048] Declaration of Admin\Controller\IndexController::_initialize() should be compatible with Admin\Controller\BaseController::_initialize($islogin = true) F:\tpBlog\Application\Admin\Controller\IndexController.class.php 第 4 行.
NOTIC: [2048] Declaration of Admin\Controller\IndexController::error() should be compatible with Think\Controller::error($message = '', $jumpUrl = '', $ajax = false) F:\tpBlog\Application\Admin\Controller\IndexController.class.php 第 4 行.
INFO: [ view_parse ] --START--
INFO: [ template_filter ] --START--
INFO: Run Behavior\ContentReplaceBehavior [ RunTime:0.000000s ]
INFO: [ template_filter ] --END-- [ RunTime:0.000000s ]
INFO: Run Behavior\ParseTemplateBehavior [ RunTime:0.060003s ]
INFO: [ view_parse ] --END-- [ RunTime:0.060003s ]
INFO: [ view_filter ] --START--
INFO: Run Behavior\WriteHtmlCacheBehavior [ RunTime:0.001001s ]
INFO: [ view_filter ] --END-- [ RunTime:0.001001s ]
INFO: [ app_end ] --START--
INFO: Run Behavior\ShowPageTraceBehavior [ RunTime:0.000000s ]
INFO: [ app_end ] --END-- [ RunTime:0.000000s ]

[ 2017-06-02T21:11:22+08:00 ] 127.0.0.1 /index.php/Admin/Article/article_list.html
INFO: [ app_init ] --START--
INFO: Run Behavior\BuildLiteBehavior [ RunTime:0.000000s ]
INFO: [ app_init ] --END-- [ RunTime:0.001000s ]
INFO: [ app_begin ] --START--
INFO: Run Behavior\ReadHtmlCacheBehavior [ RunTime:0.000000s ]
INFO: [ app_begin ] --END-- [ RunTime:0.000000s ]
NOTIC: [2048] Declaration of Admin\Controller\ArticleController::_initialize() should be compatible with Admin\Controller\BaseController::_initialize($islogin = true) F:\tpBlog\Application\Admin\Controller\ArticleController.class.php 第 4 行.
SQL: SHOW COLUMNS FROM `b_article` [ RunTime:0.0040s ]
SQL: SHOW COLUMNS FROM `b_article_category` [ RunTime:0.0350s ]
SQL: SELECT * FROM `b_article`  [ RunTime:0.0010s ]
SQL: SELECT * FROM `b_article_category` WHERE `id` = 0 LIMIT 1   [ RunTime:0.0010s ]
INFO: [ view_parse ] --START--
INFO: [ template_filter ] --START--
INFO: Run Behavior\ContentReplaceBehavior [ RunTime:0.000000s ]
INFO: [ template_filter ] --END-- [ RunTime:0.000000s ]
INFO: Run Behavior\ParseTemplateBehavior [ RunTime:0.038002s ]
INFO: [ view_parse ] --END-- [ RunTime:0.038002s ]
INFO: [ view_filter ] --START--
INFO: Run Behavior\WriteHtmlCacheBehavior [ RunTime:0.000000s ]
INFO: [ view_filter ] --END-- [ RunTime:0.000000s ]
INFO: [ app_end ] --START--
INFO: Run Behavior\ShowPageTraceBehavior [ RunTime:0.000000s ]
INFO: [ app_end ] --END-- [ RunTime:0.000000s ]

[ 2017-06-02T21:16:49+08:00 ] 127.0.0.1 /index.php/Admin/Article/article_list.html
INFO: [ app_init ] --START--
INFO: Run Behavior\BuildLiteBehavior [ RunTime:0.000000s ]
INFO: [ app_init ] --END-- [ RunTime:0.001000s ]
INFO: [ app_begin ] --START--
INFO: Run Behavior\ReadHtmlCacheBehavior [ RunTime:0.000000s ]
INFO: [ app_begin ] --END-- [ RunTime:0.000000s ]
NOTIC: [2048] Declaration of Admin\Controller\ArticleController::_initialize() should be compatible with Admin\Controller\BaseController::_initialize($islogin = true) F:\tpBlog\Application\Admin\Controller\ArticleController.class.php 第 4 行.
SQL: SHOW COLUMNS FROM `b_article` [ RunTime:0.0040s ]
SQL: SHOW COLUMNS FROM `b_article_category` [ RunTime:0.0040s ]
SQL: SELECT * FROM `b_article`  [ RunTime:0.0010s ]
SQL: SELECT * FROM `b_article_category` WHERE `id` = 0 LIMIT 1   [ RunTime:0.0000s ]
SQL: SELECT COUNT(*) AS tp_count FROM `b_article` LIMIT 1   [ RunTime:0.0000s ]
INFO: [ view_parse ] --START--
INFO: [ template_filter ] --START--
INFO: Run Behavior\ContentReplaceBehavior [ RunTime:0.000000s ]
INFO: [ template_filter ] --END-- [ RunTime:0.001000s ]
INFO: Run Behavior\ParseTemplateBehavior [ RunTime:0.011000s ]
INFO: [ view_parse ] --END-- [ RunTime:0.011000s ]
INFO: [ view_filter ] --START--
INFO: Run Behavior\WriteHtmlCacheBehavior [ RunTime:0.001000s ]
INFO: [ view_filter ] --END-- [ RunTime:0.001000s ]
INFO: [ app_end ] --START--
INFO: Run Behavior\ShowPageTraceBehavior [ RunTime:0.000000s ]
INFO: [ app_end ] --END-- [ RunTime:0.000000s ]

[ 2017-06-02T21:20:39+08:00 ] 127.0.0.1 /index.php/Admin/Article/article_list.html
INFO: [ app_init ] --START--
INFO: Run Behavior\BuildLiteBehavior [ RunTime:0.000000s ]
INFO: [ app_init ] --END-- [ RunTime:0.001000s ]
INFO: [ app_begin ] --START--
INFO: Run Behavior\ReadHtmlCacheBehavior [ RunTime:0.001000s ]
INFO: [ app_begin ] --END-- [ RunTime:0.001000s ]
NOTIC: [2048] Declaration of Admin\Controller\ArticleController::_initialize() should be compatible with Admin\Controller\BaseController::_initialize($islogin = true) F:\tpBlog\Application\Admin\Controller\ArticleController.class.php 第 4 行.
SQL: SHOW COLUMNS FROM `b_article` [ RunTime:0.0030s ]
SQL: SHOW COLUMNS FROM `b_article_category` [ RunTime:0.0030s ]
SQL: SELECT * FROM `b_article`  [ RunTime:0.0020s ]
SQL: SELECT * FROM `b_article_category` WHERE `id` = 0 LIMIT 1   [ RunTime:0.0000s ]
SQL: SELECT COUNT(*) AS tp_count FROM `b_article` LIMIT 1   [ RunTime:0.0000s ]

[ 2017-06-02T21:20:43+08:00 ] 127.0.0.1 /index.php/Admin/Article/article_list.html
INFO: [ app_init ] --START--
INFO: Run Behavior\BuildLiteBehavior [ RunTime:0.000000s ]
INFO: [ app_init ] --END-- [ RunTime:0.000000s ]
INFO: [ app_begin ] --START--
INFO: Run Behavior\ReadHtmlCacheBehavior [ RunTime:0.001000s ]
INFO: [ app_begin ] --END-- [ RunTime:0.001000s ]
NOTIC: [2048] Declaration of Admin\Controller\ArticleController::_initialize() should be compatible with Admin\Controller\BaseController::_initialize($islogin = true) F:\tpBlog\Application\Admin\Controller\ArticleController.class.php 第 4 行.
SQL: SHOW COLUMNS FROM `b_article` [ RunTime:0.0040s ]
SQL: SHOW COLUMNS FROM `b_article_category` [ RunTime:0.0040s ]
SQL: SELECT * FROM `b_article`  [ RunTime:0.0010s ]
SQL: SELECT * FROM `b_article_category` WHERE `id` = 0 LIMIT 1   [ RunTime:0.0000s ]
SQL: SELECT COUNT(*) AS tp_count FROM `b_article` LIMIT 1   [ RunTime:0.0000s ]

[ 2017-06-02T21:21:39+08:00 ] 127.0.0.1 /index.php/Admin/Article/article_list.html
INFO: [ app_init ] --START--
INFO: Run Behavior\BuildLiteBehavior [ RunTime:0.000000s ]
INFO: [ app_init ] --END-- [ RunTime:0.001000s ]
INFO: [ app_begin ] --START--
INFO: Run Behavior\ReadHtmlCacheBehavior [ RunTime:0.001000s ]
INFO: [ app_begin ] --END-- [ RunTime:0.001000s ]
NOTIC: [2048] Declaration of Admin\Controller\ArticleController::_initialize() should be compatible with Admin\Controller\BaseController::_initialize($islogin = true) F:\tpBlog\Application\Admin\Controller\ArticleController.class.php 第 4 行.
SQL: SHOW COLUMNS FROM `b_article` [ RunTime:0.0040s ]
SQL: SHOW COLUMNS FROM `b_article_category` [ RunTime:0.0040s ]
SQL: SELECT * FROM `b_article`  [ RunTime:0.0010s ]
SQL: SELECT * FROM `b_article_category` WHERE `id` = 0 LIMIT 1   [ RunTime:0.0000s ]
SQL: SELECT COUNT(*) AS tp_count FROM `b_article` LIMIT 1   [ RunTime:0.0010s ]

[ 2017-06-02T21:21:52+08:00 ] 127.0.0.1 /index.php/Admin/Article/article_list.html
INFO: [ app_init ] --START--
INFO: Run Behavior\BuildLiteBehavior [ RunTime:0.000000s ]
INFO: [ app_init ] --END-- [ RunTime:0.000000s ]
INFO: [ app_begin ] --START--
INFO: Run Behavior\ReadHtmlCacheBehavior [ RunTime:0.001000s ]
INFO: [ app_begin ] --END-- [ RunTime:0.001000s ]
NOTIC: [2048] Declaration of Admin\Controller\ArticleController::_initialize() should be compatible with Admin\Controller\BaseController::_initialize($islogin = true) F:\tpBlog\Application\Admin\Controller\ArticleController.class.php 第 4 行.
SQL: SHOW COLUMNS FROM `b_article` [ RunTime:0.0040s ]
SQL: SHOW COLUMNS FROM `b_article_category` [ RunTime:0.0030s ]
SQL: SELECT * FROM `b_article`  [ RunTime:0.0010s ]
SQL: SELECT * FROM `b_article_category` WHERE `id` = 0 LIMIT 1   [ RunTime:0.0000s ]
SQL: SELECT COUNT(*) AS tp_count FROM `b_article` LIMIT 1   [ RunTime:0.0000s ]

[ 2017-06-02T21:21:53+08:00 ] 127.0.0.1 /index.php/Admin/Article/article_list.html
INFO: [ app_init ] --START--
INFO: Run Behavior\BuildLiteBehavior [ RunTime:0.000000s ]
INFO: [ app_init ] --END-- [ RunTime:0.001000s ]
INFO: [ app_begin ] --START--
INFO: Run Behavior\ReadHtmlCacheBehavior [ RunTime:0.001000s ]
INFO: [ app_begin ] --END-- [ RunTime:0.001000s ]
NOTIC: [2048] Declaration of Admin\Controller\ArticleController::_initialize() should be compatible with Admin\Controller\BaseController::_initialize($islogin = true) F:\tpBlog\Application\Admin\Controller\ArticleController.class.php 第 4 行.
SQL: SHOW COLUMNS FROM `b_article` [ RunTime:0.0040s ]
SQL: SHOW COLUMNS FROM `b_article_category` [ RunTime:0.0030s ]
SQL: SELECT * FROM `b_article`  [ RunTime:0.0010s ]
SQL: SELECT * FROM `b_article_category` WHERE `id` = 0 LIMIT 1   [ RunTime:0.0010s ]
SQL: SELECT COUNT(*) AS tp_count FROM `b_article` LIMIT 1   [ RunTime:0.0000s ]

[ 2017-06-02T21:21:53+08:00 ] 127.0.0.1 /index.php/Admin/Article/article_list.html
INFO: [ app_init ] --START--
INFO: Run Behavior\BuildLiteBehavior [ RunTime:0.000000s ]
INFO: [ app_init ] --END-- [ RunTime:0.001000s ]
INFO: [ app_begin ] --START--
INFO: Run Behavior\ReadHtmlCacheBehavior [ RunTime:0.000000s ]
INFO: [ app_begin ] --END-- [ RunTime:0.000000s ]
NOTIC: [2048] Declaration of Admin\Controller\ArticleController::_initialize() should be compatible with Admin\Controller\BaseController::_initialize($islogin = true) F:\tpBlog\Application\Admin\Controller\ArticleController.class.php 第 4 行.
SQL: SHOW COLUMNS FROM `b_article` [ RunTime:0.0040s ]
SQL: SHOW COLUMNS FROM `b_article_category` [ RunTime:0.0040s ]
SQL: SELECT * FROM `b_article`  [ RunTime:0.0010s ]
SQL: SELECT * FROM `b_article_category` WHERE `id` = 0 LIMIT 1   [ RunTime:0.0000s ]
SQL: SELECT COUNT(*) AS tp_count FROM `b_article` LIMIT 1   [ RunTime:0.0000s ]

[ 2017-06-02T21:22:08+08:00 ] 127.0.0.1 /index.php/Admin/Article/article_list.html
INFO: [ app_init ] --START--
INFO: Run Behavior\BuildLiteBehavior [ RunTime:0.000000s ]
INFO: [ app_init ] --END-- [ RunTime:0.001000s ]
INFO: [ app_begin ] --START--
INFO: Run Behavior\ReadHtmlCacheBehavior [ RunTime:0.001000s ]
INFO: [ app_begin ] --END-- [ RunTime:0.001000s ]
NOTIC: [2048] Declaration of Admin\Controller\ArticleController::_initialize() should be compatible with Admin\Controller\BaseController::_initialize($islogin = true) F:\tpBlog\Application\Admin\Controller\ArticleController.class.php 第 4 行.
SQL: SHOW COLUMNS FROM `b_article` [ RunTime:0.0040s ]
SQL: SHOW COLUMNS FROM `b_article_category` [ RunTime:0.0040s ]
SQL: SELECT * FROM `b_article`  [ RunTime:0.0010s ]
SQL: SELECT * FROM `b_article_category` WHERE `id` = 0 LIMIT 1   [ RunTime:0.0000s ]
SQL: SELECT COUNT(*) AS tp_count FROM `b_article` LIMIT 1   [ RunTime:0.0000s ]

[ 2017-06-02T21:23:29+08:00 ] 127.0.0.1 /index.php/Admin/Article/article_list.html
INFO: [ app_init ] --START--
INFO: Run Behavior\BuildLiteBehavior [ RunTime:0.000000s ]
INFO: [ app_init ] --END-- [ RunTime:0.000000s ]
INFO: [ app_begin ] --START--
INFO: Run Behavior\ReadHtmlCacheBehavior [ RunTime:0.000000s ]
INFO: [ app_begin ] --END-- [ RunTime:0.000000s ]
NOTIC: [2048] Declaration of Admin\Controller\ArticleController::_initialize() should be compatible with Admin\Controller\BaseController::_initialize($islogin = true) F:\tpBlog\Application\Admin\Controller\ArticleController.class.php 第 4 行.
SQL: SHOW COLUMNS FROM `b_article` [ RunTime:0.0040s ]
SQL: SHOW COLUMNS FROM `b_article_category` [ RunTime:0.0030s ]
SQL: SELECT * FROM `b_article`  [ RunTime:0.0010s ]
SQL: SELECT * FROM `b_article_category` WHERE `id` = 0 LIMIT 1   [ RunTime:0.0010s ]
SQL: SELECT COUNT(*) AS tp_count FROM `b_article` LIMIT 1   [ RunTime:0.0000s ]
SQL: select * from b_article Limit 0, 7 [ RunTime:0.0010s ]
INFO: [ view_parse ] --START--
INFO: [ template_filter ] --START--
INFO: Run Behavior\ContentReplaceBehavior [ RunTime:0.000000s ]
INFO: [ template_filter ] --END-- [ RunTime:0.000000s ]
INFO: Run Behavior\ParseTemplateBehavior [ RunTime:0.013000s ]
INFO: [ view_parse ] --END-- [ RunTime:0.013000s ]
INFO: [ view_filter ] --START--
INFO: Run Behavior\WriteHtmlCacheBehavior [ RunTime:0.000000s ]
INFO: [ view_filter ] --END-- [ RunTime:0.001000s ]
INFO: [ app_end ] --START--
INFO: Run Behavior\ShowPageTraceBehavior [ RunTime:0.001000s ]
INFO: [ app_end ] --END-- [ RunTime:0.001000s ]

[ 2017-06-02T21:23:53+08:00 ] 127.0.0.1 /index.php/Admin/Article/article_list.html
INFO: [ app_init ] --START--
INFO: Run Behavior\BuildLiteBehavior [ RunTime:0.000000s ]
INFO: [ app_init ] --END-- [ RunTime:0.000000s ]
INFO: [ app_begin ] --START--
INFO: Run Behavior\ReadHtmlCacheBehavior [ RunTime:0.000000s ]
INFO: [ app_begin ] --END-- [ RunTime:0.000000s ]
NOTIC: [2048] Declaration of Admin\Controller\ArticleController::_initialize() should be compatible with Admin\Controller\BaseController::_initialize($islogin = true) F:\tpBlog\Application\Admin\Controller\ArticleController.class.php 第 4 行.
SQL: SHOW COLUMNS FROM `b_article` [ RunTime:0.0040s ]
SQL: SHOW COLUMNS FROM `b_article_category` [ RunTime:0.0030s ]
SQL: SELECT * FROM `b_article`  [ RunTime:0.0000s ]
SQL: SELECT * FROM `b_article_category` WHERE `id` = 0 LIMIT 1   [ RunTime:0.0000s ]
SQL: SELECT COUNT(*) AS tp_count FROM `b_article` LIMIT 1   [ RunTime:0.0000s ]
SQL: select * from b_article Limit 0, 10 [ RunTime:0.0010s ]
INFO: [ view_parse ] --START--
INFO: [ template_filter ] --START--
INFO: Run Behavior\ContentReplaceBehavior [ RunTime:0.000000s ]
INFO: [ template_filter ] --END-- [ RunTime:0.000000s ]
INFO: Run Behavior\ParseTemplateBehavior [ RunTime:0.010001s ]
INFO: [ view_parse ] --END-- [ RunTime:0.010001s ]
INFO: [ view_filter ] --START--
INFO: Run Behavior\WriteHtmlCacheBehavior [ RunTime:0.000000s ]
INFO: [ view_filter ] --END-- [ RunTime:0.000000s ]
NOTIC: [2] Cannot modify header information - headers already sent by (output started at F:\tpBlog\Application\Admin\Controller\ArticleController.class.php:39) F:\tpBlog\ThinkPHP\Library\Think\View.class.php 第 91 行.
NOTIC: [2] Cannot modify header information - headers already sent by (output started at F:\tpBlog\Application\Admin\Controller\ArticleController.class.php:39) F:\tpBlog\ThinkPHP\Library\Think\View.class.php 第 92 行.
NOTIC: [2] Cannot modify header information - headers already sent by (output started at F:\tpBlog\Application\Admin\Controller\ArticleController.class.php:39) F:\tpBlog\ThinkPHP\Library\Think\View.class.php 第 93 行.
INFO: [ app_end ] --START--
INFO: Run Behavior\ShowPageTraceBehavior [ RunTime:0.000000s ]
INFO: [ app_end ] --END-- [ RunTime:0.001000s ]

[ 2017-06-02T21:23:59+08:00 ] 127.0.0.1 /index.php/Admin/Article/article_list.html
INFO: [ app_init ] --START--
INFO: Run Behavior\BuildLiteBehavior [ RunTime:0.000000s ]
INFO: [ app_init ] --END-- [ RunTime:0.001000s ]
INFO: [ app_begin ] --START--
INFO: Run Behavior\ReadHtmlCacheBehavior [ RunTime:0.001000s ]
INFO: [ app_begin ] --END-- [ RunTime:0.001000s ]
NOTIC: [2048] Declaration of Admin\Controller\ArticleController::_initialize() should be compatible with Admin\Controller\BaseController::_initialize($islogin = true) F:\tpBlog\Application\Admin\Controller\ArticleController.class.php 第 4 行.
SQL: SHOW COLUMNS FROM `b_article` [ RunTime:0.0040s ]
SQL: SHOW COLUMNS FROM `b_article_category` [ RunTime:0.0030s ]
SQL: SELECT * FROM `b_article`  [ RunTime:0.0010s ]
SQL: SELECT * FROM `b_article_category` WHERE `id` = 0 LIMIT 1   [ RunTime:0.0000s ]
SQL: SELECT COUNT(*) AS tp_count FROM `b_article` LIMIT 1   [ RunTime:0.0010s ]
SQL: select * from b_article Limit 0, 10 [ RunTime:0.0010s ]
INFO: [ view_parse ] --START--
INFO: [ template_filter ] --START--
INFO: Run Behavior\ContentReplaceBehavior [ RunTime:0.000000s ]
INFO: [ template_filter ] --END-- [ RunTime:0.000000s ]
INFO: Run Behavior\ParseTemplateBehavior [ RunTime:0.011001s ]
INFO: [ view_parse ] --END-- [ RunTime:0.011001s ]
INFO: [ view_filter ] --START--
INFO: Run Behavior\WriteHtmlCacheBehavior [ RunTime:0.000000s ]
INFO: [ view_filter ] --END-- [ RunTime:0.000000s ]
NOTIC: [2] Cannot modify header information - headers already sent by (output started at F:\tpBlog\Application\Admin\Controller\ArticleController.class.php:39) F:\tpBlog\ThinkPHP\Library\Think\View.class.php 第 91 行.
NOTIC: [2] Cannot modify header information - headers already sent by (output started at F:\tpBlog\Application\Admin\Controller\ArticleController.class.php:39) F:\tpBlog\ThinkPHP\Library\Think\View.class.php 第 92 行.
NOTIC: [2] Cannot modify header information - headers already sent by (output started at F:\tpBlog\Application\Admin\Controller\ArticleController.class.php:39) F:\tpBlog\ThinkPHP\Library\Think\View.class.php 第 93 行.
INFO: [ app_end ] --START--
INFO: Run Behavior\ShowPageTraceBehavior [ RunTime:0.001000s ]
INFO: [ app_end ] --END-- [ RunTime:0.001000s ]

[ 2017-06-02T21:28:05+08:00 ] 127.0.0.1 /index.php/Admin/Article/article_list.html
INFO: [ app_init ] --START--
INFO: Run Behavior\BuildLiteBehavior [ RunTime:0.000000s ]
INFO: [ app_init ] --END-- [ RunTime:0.001000s ]
INFO: [ app_begin ] --START--
INFO: Run Behavior\ReadHtmlCacheBehavior [ RunTime:0.000000s ]
INFO: [ app_begin ] --END-- [ RunTime:0.000000s ]
NOTIC: [2048] Declaration of Admin\Controller\ArticleController::_initialize() should be compatible with Admin\Controller\BaseController::_initialize($islogin = true) F:\tpBlog\Application\Admin\Controller\ArticleController.class.php 第 4 行.
SQL: SHOW COLUMNS FROM `b_article` [ RunTime:0.0040s ]
SQL: SHOW COLUMNS FROM `b_article_category` [ RunTime:0.0040s ]
SQL: SELECT * FROM `b_article`  [ RunTime:0.0010s ]
SQL: SELECT * FROM `b_article_category` WHERE `id` = 0 LIMIT 1   [ RunTime:0.0000s ]
SQL: SELECT COUNT(*) AS tp_count FROM `b_article` LIMIT 1   [ RunTime:0.0010s ]
SQL: select * from b_article Limit 0, 10 [ RunTime:0.0010s ]
INFO: [ view_parse ] --START--
INFO: [ template_filter ] --START--
INFO: Run Behavior\ContentReplaceBehavior [ RunTime:0.000000s ]
INFO: [ template_filter ] --END-- [ RunTime:0.001000s ]
INFO: Run Behavior\ParseTemplateBehavior [ RunTime:0.013001s ]
INFO: [ view_parse ] --END-- [ RunTime:0.013001s ]
INFO: [ view_filter ] --START--
INFO: Run Behavior\WriteHtmlCacheBehavior [ RunTime:0.000000s ]
INFO: [ view_filter ] --END-- [ RunTime:0.000000s ]
NOTIC: [2] Cannot modify header information - headers already sent by (output started at F:\tpBlog\Application\Admin\Controller\ArticleController.class.php:39) F:\tpBlog\ThinkPHP\Library\Think\View.class.php 第 91 行.
NOTIC: [2] Cannot modify header information - headers already sent by (output started at F:\tpBlog\Application\Admin\Controller\ArticleController.class.php:39) F:\tpBlog\ThinkPHP\Library\Think\View.class.php 第 92 行.
NOTIC: [2] Cannot modify header information - headers already sent by (output started at F:\tpBlog\Application\Admin\Controller\ArticleController.class.php:39) F:\tpBlog\ThinkPHP\Library\Think\View.class.php 第 93 行.
INFO: [ app_end ] --START--
INFO: Run Behavior\ShowPageTraceBehavior [ RunTime:0.001000s ]
INFO: [ app_end ] --END-- [ RunTime:0.001000s ]

[ 2017-06-02T21:28:07+08:00 ] 127.0.0.1 /index.php/Admin/Article/article_list.html
INFO: [ app_init ] --START--
INFO: Run Behavior\BuildLiteBehavior [ RunTime:0.000000s ]
INFO: [ app_init ] --END-- [ RunTime:0.000000s ]
INFO: [ app_begin ] --START--
INFO: Run Behavior\ReadHtmlCacheBehavior [ RunTime:0.000000s ]
INFO: [ app_begin ] --END-- [ RunTime:0.001000s ]
NOTIC: [2048] Declaration of Admin\Controller\ArticleController::_initialize() should be compatible with Admin\Controller\BaseController::_initialize($islogin = true) F:\tpBlog\Application\Admin\Controller\ArticleController.class.php 第 4 行.
SQL: SHOW COLUMNS FROM `b_article` [ RunTime:0.0040s ]
SQL: SHOW COLUMNS FROM `b_article_category` [ RunTime:0.0030s ]
SQL: SELECT * FROM `b_article`  [ RunTime:0.0010s ]
SQL: SELECT * FROM `b_article_category` WHERE `id` = 0 LIMIT 1   [ RunTime:0.0000s ]
SQL: SELECT COUNT(*) AS tp_count FROM `b_article` LIMIT 1   [ RunTime:0.0000s ]
SQL: select * from b_article Limit 0, 10 [ RunTime:0.0010s ]
INFO: [ view_parse ] --START--
INFO: [ template_filter ] --START--
INFO: Run Behavior\ContentReplaceBehavior [ RunTime:0.001000s ]
INFO: [ template_filter ] --END-- [ RunTime:0.001000s ]
INFO: Run Behavior\ParseTemplateBehavior [ RunTime:0.010000s ]
INFO: [ view_parse ] --END-- [ RunTime:0.010000s ]
INFO: [ view_filter ] --START--
INFO: Run Behavior\WriteHtmlCacheBehavior [ RunTime:0.000000s ]
INFO: [ view_filter ] --END-- [ RunTime:0.000000s ]
NOTIC: [2] Cannot modify header information - headers already sent by (output started at F:\tpBlog\Application\Admin\Controller\ArticleController.class.php:39) F:\tpBlog\ThinkPHP\Library\Think\View.class.php 第 91 行.
NOTIC: [2] Cannot modify header information - headers already sent by (output started at F:\tpBlog\Application\Admin\Controller\ArticleController.class.php:39) F:\tpBlog\ThinkPHP\Library\Think\View.class.php 第 92 行.
NOTIC: [2] Cannot modify header information - headers already sent by (output started at F:\tpBlog\Application\Admin\Controller\ArticleController.class.php:39) F:\tpBlog\ThinkPHP\Library\Think\View.class.php 第 93 行.
INFO: [ app_end ] --START--
INFO: Run Behavior\ShowPageTraceBehavior [ RunTime:0.000000s ]
INFO: [ app_end ] --END-- [ RunTime:0.000000s ]

[ 2017-06-02T21:28:09+08:00 ] 127.0.0.1 /index.php/Admin/Article/article_list.html
INFO: [ app_init ] --START--
INFO: Run Behavior\BuildLiteBehavior [ RunTime:0.000000s ]
INFO: [ app_init ] --END-- [ RunTime:0.001000s ]
INFO: [ app_begin ] --START--
INFO: Run Behavior\ReadHtmlCacheBehavior [ RunTime:0.001000s ]
INFO: [ app_begin ] --END-- [ RunTime:0.001000s ]
NOTIC: [2048] Declaration of Admin\Controller\ArticleController::_initialize() should be compatible with Admin\Controller\BaseController::_initialize($islogin = true) F:\tpBlog\Application\Admin\Controller\ArticleController.class.php 第 4 行.
SQL: SHOW COLUMNS FROM `b_article` [ RunTime:0.0030s ]
SQL: SHOW COLUMNS FROM `b_article_category` [ RunTime:0.0030s ]
SQL: SELECT * FROM `b_article`  [ RunTime:0.0000s ]
SQL: SELECT * FROM `b_article_category` WHERE `id` = 0 LIMIT 1   [ RunTime:0.0000s ]
SQL: SELECT COUNT(*) AS tp_count FROM `b_article` LIMIT 1   [ RunTime:0.0000s ]
SQL: select * from b_article Limit 0, 10 [ RunTime:0.0000s ]
INFO: [ view_parse ] --START--
INFO: [ template_filter ] --START--
INFO: Run Behavior\ContentReplaceBehavior [ RunTime:0.000000s ]
INFO: [ template_filter ] --END-- [ RunTime:0.000000s ]
INFO: Run Behavior\ParseTemplateBehavior [ RunTime:0.010000s ]
INFO: [ view_parse ] --END-- [ RunTime:0.010000s ]
INFO: [ view_filter ] --START--
INFO: Run Behavior\WriteHtmlCacheBehavior [ RunTime:0.001000s ]
INFO: [ view_filter ] --END-- [ RunTime:0.001000s ]
NOTIC: [2] Cannot modify header information - headers already sent by (output started at F:\tpBlog\Application\Admin\Controller\ArticleController.class.php:39) F:\tpBlog\ThinkPHP\Library\Think\View.class.php 第 91 行.
NOTIC: [2] Cannot modify header information - headers already sent by (output started at F:\tpBlog\Application\Admin\Controller\ArticleController.class.php:39) F:\tpBlog\ThinkPHP\Library\Think\View.class.php 第 92 行.
NOTIC: [2] Cannot modify header information - headers already sent by (output started at F:\tpBlog\Application\Admin\Controller\ArticleController.class.php:39) F:\tpBlog\ThinkPHP\Library\Think\View.class.php 第 93 行.
INFO: [ app_end ] --START--
INFO: Run Behavior\ShowPageTraceBehavior [ RunTime:0.000000s ]
INFO: [ app_end ] --END-- [ RunTime:0.000000s ]

[ 2017-06-02T21:32:08+08:00 ] 127.0.0.1 /index.php/Admin/Article/article_list.html
INFO: [ app_init ] --START--
INFO: Run Behavior\BuildLiteBehavior [ RunTime:0.001001s ]
INFO: [ app_init ] --END-- [ RunTime:0.001001s ]
INFO: [ app_begin ] --START--
INFO: Run Behavior\ReadHtmlCacheBehavior [ RunTime:0.000000s ]
INFO: [ app_begin ] --END-- [ RunTime:0.000000s ]
NOTIC: [2048] Declaration of Admin\Controller\ArticleController::_initialize() should be compatible with Admin\Controller\BaseController::_initialize($islogin = true) F:\tpBlog\Application\Admin\Controller\ArticleController.class.php 第 4 行.
SQL: SHOW COLUMNS FROM `b_article` [ RunTime:0.0040s ]
SQL: SHOW COLUMNS FROM `b_article_category` [ RunTime:0.0040s ]
SQL: SELECT * FROM `b_article`  [ RunTime:0.0010s ]
SQL: SELECT * FROM `b_article_category` WHERE `id` = 0 LIMIT 1   [ RunTime:0.0000s ]
SQL: SELECT COUNT(*) AS tp_count FROM `b_article` LIMIT 1   [ RunTime:0.0000s ]
NOTIC: [2] Missing argument 3 for Component\Page::__construct(), called in F:\tpBlog\Application\Admin\Controller\ArticleController.class.php on line 33 and defined F:\tpBlog\Application\Component\Page.class.php 第 20 行.
NOTIC: [8] Undefined variable: page F:\tpBlog\Application\Component\Page.class.php 第 24 行.
SQL: select * from b_article Limit 0, 10 [ RunTime:0.0010s ]
INFO: [ view_parse ] --START--
INFO: [ template_filter ] --START--
INFO: Run Behavior\ContentReplaceBehavior [ RunTime:0.000000s ]
INFO: [ template_filter ] --END-- [ RunTime:0.001000s ]
INFO: Run Behavior\ParseTemplateBehavior [ RunTime:0.011000s ]
INFO: [ view_parse ] --END-- [ RunTime:0.011000s ]
INFO: [ view_filter ] --START--
INFO: Run Behavior\WriteHtmlCacheBehavior [ RunTime:0.001000s ]
INFO: [ view_filter ] --END-- [ RunTime:0.001000s ]
NOTIC: [2] Cannot modify header information - headers already sent by (output started at F:\tpBlog\Application\Admin\Controller\ArticleController.class.php:39) F:\tpBlog\ThinkPHP\Library\Think\View.class.php 第 91 行.
NOTIC: [2] Cannot modify header information - headers already sent by (output started at F:\tpBlog\Application\Admin\Controller\ArticleController.class.php:39) F:\tpBlog\ThinkPHP\Library\Think\View.class.php 第 92 行.
NOTIC: [2] Cannot modify header information - headers already sent by (output started at F:\tpBlog\Application\Admin\Controller\ArticleController.class.php:39) F:\tpBlog\ThinkPHP\Library\Think\View.class.php 第 93 行.
INFO: [ app_end ] --START--
INFO: Run Behavior\ShowPageTraceBehavior [ RunTime:0.001000s ]
INFO: [ app_end ] --END-- [ RunTime:0.001000s ]

[ 2017-06-02T21:32:09+08:00 ] 127.0.0.1 /index.php/Admin/Article/article_list.html
INFO: [ app_init ] --START--
INFO: Run Behavior\BuildLiteBehavior [ RunTime:0.000000s ]
INFO: [ app_init ] --END-- [ RunTime:0.000000s ]
INFO: [ app_begin ] --START--
INFO: Run Behavior\ReadHtmlCacheBehavior [ RunTime:0.001000s ]
INFO: [ app_begin ] --END-- [ RunTime:0.001000s ]
NOTIC: [2048] Declaration of Admin\Controller\ArticleController::_initialize() should be compatible with Admin\Controller\BaseController::_initialize($islogin = true) F:\tpBlog\Application\Admin\Controller\ArticleController.class.php 第 4 行.
SQL: SHOW COLUMNS FROM `b_article` [ RunTime:0.0030s ]
SQL: SHOW COLUMNS FROM `b_article_category` [ RunTime:0.0030s ]
SQL: SELECT * FROM `b_article`  [ RunTime:0.0000s ]
SQL: SELECT * FROM `b_article_category` WHERE `id` = 0 LIMIT 1   [ RunTime:0.0000s ]
SQL: SELECT COUNT(*) AS tp_count FROM `b_article` LIMIT 1   [ RunTime:0.0000s ]
NOTIC: [2] Missing argument 3 for Component\Page::__construct(), called in F:\tpBlog\Application\Admin\Controller\ArticleController.class.php on line 33 and defined F:\tpBlog\Application\Component\Page.class.php 第 20 行.
NOTIC: [8] Undefined variable: page F:\tpBlog\Application\Component\Page.class.php 第 24 行.
SQL: select * from b_article Limit 0, 10 [ RunTime:0.0010s ]
INFO: [ view_parse ] --START--
INFO: [ template_filter ] --START--
INFO: Run Behavior\ContentReplaceBehavior [ RunTime:0.000000s ]
INFO: [ template_filter ] --END-- [ RunTime:0.000000s ]
INFO: Run Behavior\ParseTemplateBehavior [ RunTime:0.011000s ]
INFO: [ view_parse ] --END-- [ RunTime:0.011000s ]
INFO: [ view_filter ] --START--
INFO: Run Behavior\WriteHtmlCacheBehavior [ RunTime:0.000000s ]
INFO: [ view_filter ] --END-- [ RunTime:0.000000s ]
NOTIC: [2] Cannot modify header information - headers already sent by (output started at F:\tpBlog\Application\Admin\Controller\ArticleController.class.php:39) F:\tpBlog\ThinkPHP\Library\Think\View.class.php 第 91 行.
NOTIC: [2] Cannot modify header information - headers already sent by (output started at F:\tpBlog\Application\Admin\Controller\ArticleController.class.php:39) F:\tpBlog\ThinkPHP\Library\Think\View.class.php 第 92 行.
NOTIC: [2] Cannot modify header information - headers already sent by (output started at F:\tpBlog\Application\Admin\Controller\ArticleController.class.php:39) F:\tpBlog\ThinkPHP\Library\Think\View.class.php 第 93 行.
INFO: [ app_end ] --START--
INFO: Run Behavior\ShowPageTraceBehavior [ RunTime:0.001000s ]
INFO: [ app_end ] --END-- [ RunTime:0.001000s ]

[ 2017-06-02T21:32:09+08:00 ] 127.0.0.1 /index.php/Admin/Article/article_list.html
INFO: [ app_init ] --START--
INFO: Run Behavior\BuildLiteBehavior [ RunTime:0.000000s ]
INFO: [ app_init ] --END-- [ RunTime:0.000000s ]
INFO: [ app_begin ] --START--
INFO: Run Behavior\ReadHtmlCacheBehavior [ RunTime:0.001000s ]
INFO: [ app_begin ] --END-- [ RunTime:0.001000s ]
NOTIC: [2048] Declaration of Admin\Controller\ArticleController::_initialize() should be compatible with Admin\Controller\BaseController::_initialize($islogin = true) F:\tpBlog\Application\Admin\Controller\ArticleController.class.php 第 4 行.
SQL: SHOW COLUMNS FROM `b_article` [ RunTime:0.0040s ]
SQL: SHOW COLUMNS FROM `b_article_category` [ RunTime:0.0030s ]
SQL: SELECT * FROM `b_article`  [ RunTime:0.0010s ]
SQL: SELECT * FROM `b_article_category` WHERE `id` = 0 LIMIT 1   [ RunTime:0.0000s ]
SQL: SELECT COUNT(*) AS tp_count FROM `b_article` LIMIT 1   [ RunTime:0.0000s ]
NOTIC: [2] Missing argument 3 for Component\Page::__construct(), called in F:\tpBlog\Application\Admin\Controller\ArticleController.class.php on line 33 and defined F:\tpBlog\Application\Component\Page.class.php 第 20 行.
NOTIC: [8] Undefined variable: page F:\tpBlog\Application\Component\Page.class.php 第 24 行.
SQL: select * from b_article Limit 0, 10 [ RunTime:0.0020s ]
INFO: [ view_parse ] --START--
INFO: [ template_filter ] --START--
INFO: Run Behavior\ContentReplaceBehavior [ RunTime:0.000000s ]
INFO: [ template_filter ] --END-- [ RunTime:0.000000s ]
INFO: Run Behavior\ParseTemplateBehavior [ RunTime:0.011001s ]
INFO: [ view_parse ] --END-- [ RunTime:0.011001s ]
INFO: [ view_filter ] --START--
INFO: Run Behavior\WriteHtmlCacheBehavior [ RunTime:0.000000s ]
INFO: [ view_filter ] --END-- [ RunTime:0.000000s ]
NOTIC: [2] Cannot modify header information - headers already sent by (output started at F:\tpBlog\Application\Admin\Controller\ArticleController.class.php:39) F:\tpBlog\ThinkPHP\Library\Think\View.class.php 第 91 行.
NOTIC: [2] Cannot modify header information - headers already sent by (output started at F:\tpBlog\Application\Admin\Controller\ArticleController.class.php:39) F:\tpBlog\ThinkPHP\Library\Think\View.class.php 第 92 行.
NOTIC: [2] Cannot modify header information - headers already sent by (output started at F:\tpBlog\Application\Admin\Controller\ArticleController.class.php:39) F:\tpBlog\ThinkPHP\Library\Think\View.class.php 第 93 行.
INFO: [ app_end ] --START--
INFO: Run Behavior\ShowPageTraceBehavior [ RunTime:0.001000s ]
INFO: [ app_end ] --END-- [ RunTime:0.001000s ]

[ 2017-06-02T21:32:10+08:00 ] 127.0.0.1 /index.php/Admin/Article/article_list.html
INFO: [ app_init ] --START--
INFO: Run Behavior\BuildLiteBehavior [ RunTime:0.000000s ]
INFO: [ app_init ] --END-- [ RunTime:0.001000s ]
INFO: [ app_begin ] --START--
INFO: Run Behavior\ReadHtmlCacheBehavior [ RunTime:0.001000s ]
INFO: [ app_begin ] --END-- [ RunTime:0.001000s ]
NOTIC: [2048] Declaration of Admin\Controller\ArticleController::_initialize() should be compatible with Admin\Controller\BaseController::_initialize($islogin = true) F:\tpBlog\Application\Admin\Controller\ArticleController.class.php 第 4 行.
SQL: SHOW COLUMNS FROM `b_article` [ RunTime:0.0040s ]
SQL: SHOW COLUMNS FROM `b_article_category` [ RunTime:0.0050s ]
SQL: SELECT * FROM `b_article`  [ RunTime:0.0010s ]
SQL: SELECT * FROM `b_article_category` WHERE `id` = 0 LIMIT 1   [ RunTime:0.0000s ]
SQL: SELECT COUNT(*) AS tp_count FROM `b_article` LIMIT 1   [ RunTime:0.0000s ]
NOTIC: [2] Missing argument 3 for Component\Page::__construct(), called in F:\tpBlog\Application\Admin\Controller\ArticleController.class.php on line 33 and defined F:\tpBlog\Application\Component\Page.class.php 第 20 行.
NOTIC: [8] Undefined variable: page F:\tpBlog\Application\Component\Page.class.php 第 24 行.
SQL: select * from b_article Limit 0, 10 [ RunTime:0.0010s ]
INFO: [ view_parse ] --START--
INFO: [ template_filter ] --START--
INFO: Run Behavior\ContentReplaceBehavior [ RunTime:0.000000s ]
INFO: [ template_filter ] --END-- [ RunTime:0.000000s ]
INFO: Run Behavior\ParseTemplateBehavior [ RunTime:0.010001s ]
INFO: [ view_parse ] --END-- [ RunTime:0.010001s ]
INFO: [ view_filter ] --START--
INFO: Run Behavior\WriteHtmlCacheBehavior [ RunTime:0.001000s ]
INFO: [ view_filter ] --END-- [ RunTime:0.001000s ]
NOTIC: [2] Cannot modify header information - headers already sent by (output started at F:\tpBlog\Application\Admin\Controller\ArticleController.class.php:39) F:\tpBlog\ThinkPHP\Library\Think\View.class.php 第 91 行.
NOTIC: [2] Cannot modify header information - headers already sent by (output started at F:\tpBlog\Application\Admin\Controller\ArticleController.class.php:39) F:\tpBlog\ThinkPHP\Library\Think\View.class.php 第 92 行.
NOTIC: [2] Cannot modify header information - headers already sent by (output started at F:\tpBlog\Application\Admin\Controller\ArticleController.class.php:39) F:\tpBlog\ThinkPHP\Library\Think\View.class.php 第 93 行.
INFO: [ app_end ] --START--
INFO: Run Behavior\ShowPageTraceBehavior [ RunTime:0.000000s ]
INFO: [ app_end ] --END-- [ RunTime:0.000000s ]

[ 2017-06-02T21:32:10+08:00 ] 127.0.0.1 /index.php/Admin/Article/article_list.html
INFO: [ app_init ] --START--
INFO: Run Behavior\BuildLiteBehavior [ RunTime:0.000000s ]
INFO: [ app_init ] --END-- [ RunTime:0.000000s ]
INFO: [ app_begin ] --START--
INFO: Run Behavior\ReadHtmlCacheBehavior [ RunTime:0.000000s ]
INFO: [ app_begin ] --END-- [ RunTime:0.000000s ]
NOTIC: [2048] Declaration of Admin\Controller\ArticleController::_initialize() should be compatible with Admin\Controller\BaseController::_initialize($islogin = true) F:\tpBlog\Application\Admin\Controller\ArticleController.class.php 第 4 行.
SQL: SHOW COLUMNS FROM `b_article` [ RunTime:0.0030s ]
SQL: SHOW COLUMNS FROM `b_article_category` [ RunTime:0.0030s ]
SQL: SELECT * FROM `b_article`  [ RunTime:0.0010s ]
SQL: SELECT * FROM `b_article_category` WHERE `id` = 0 LIMIT 1   [ RunTime:0.0000s ]
SQL: SELECT COUNT(*) AS tp_count FROM `b_article` LIMIT 1   [ RunTime:0.0000s ]
NOTIC: [2] Missing argument 3 for Component\Page::__construct(), called in F:\tpBlog\Application\Admin\Controller\ArticleController.class.php on line 33 and defined F:\tpBlog\Application\Component\Page.class.php 第 20 行.
NOTIC: [8] Undefined variable: page F:\tpBlog\Application\Component\Page.class.php 第 24 行.
SQL: select * from b_article Limit 0, 10 [ RunTime:0.0010s ]
INFO: [ view_parse ] --START--
INFO: [ template_filter ] --START--
INFO: Run Behavior\ContentReplaceBehavior [ RunTime:0.000000s ]
INFO: [ template_filter ] --END-- [ RunTime:0.000000s ]
INFO: Run Behavior\ParseTemplateBehavior [ RunTime:0.010001s ]
INFO: [ view_parse ] --END-- [ RunTime:0.010001s ]
INFO: [ view_filter ] --START--
INFO: Run Behavior\WriteHtmlCacheBehavior [ RunTime:0.000000s ]
INFO: [ view_filter ] --END-- [ RunTime:0.000000s ]
NOTIC: [2] Cannot modify header information - headers already sent by (output started at F:\tpBlog\Application\Admin\Controller\ArticleController.class.php:39) F:\tpBlog\ThinkPHP\Library\Think\View.class.php 第 91 行.
NOTIC: [2] Cannot modify header information - headers already sent by (output started at F:\tpBlog\Application\Admin\Controller\ArticleController.class.php:39) F:\tpBlog\ThinkPHP\Library\Think\View.class.php 第 92 行.
NOTIC: [2] Cannot modify header information - headers already sent by (output started at F:\tpBlog\Application\Admin\Controller\ArticleController.class.php:39) F:\tpBlog\ThinkPHP\Library\Think\View.class.php 第 93 行.
INFO: [ app_end ] --START--
INFO: Run Behavior\ShowPageTraceBehavior [ RunTime:0.001000s ]
INFO: [ app_end ] --END-- [ RunTime:0.001000s ]

[ 2017-06-02T21:32:32+08:00 ] 127.0.0.1 /index.php/Admin/Article/article_list.html
INFO: [ app_init ] --START--
INFO: Run Behavior\BuildLiteBehavior [ RunTime:0.000000s ]
INFO: [ app_init ] --END-- [ RunTime:0.000000s ]
INFO: [ app_begin ] --START--
INFO: Run Behavior\ReadHtmlCacheBehavior [ RunTime:0.001001s ]
INFO: [ app_begin ] --END-- [ RunTime:0.001001s ]
NOTIC: [2048] Declaration of Admin\Controller\ArticleController::_initialize() should be compatible with Admin\Controller\BaseController::_initialize($islogin = true) F:\tpBlog\Application\Admin\Controller\ArticleController.class.php 第 4 行.
SQL: SHOW COLUMNS FROM `b_article` [ RunTime:0.0030s ]
SQL: SHOW COLUMNS FROM `b_article_category` [ RunTime:0.0030s ]
SQL: SELECT * FROM `b_article`  [ RunTime:0.0010s ]
SQL: SELECT * FROM `b_article_category` WHERE `id` = 0 LIMIT 1   [ RunTime:0.0000s ]
SQL: SELECT COUNT(*) AS tp_count FROM `b_article` LIMIT 1   [ RunTime:0.0000s ]
NOTIC: [2] Missing argument 3 for Component\Page::__construct(), called in F:\tpBlog\Application\Admin\Controller\ArticleController.class.php on line 33 and defined F:\tpBlog\Application\Component\Page.class.php 第 20 行.
NOTIC: [8] Undefined variable: page F:\tpBlog\Application\Component\Page.class.php 第 24 行.
SQL: select * from b_article Limit 0, 10 [ RunTime:0.0010s ]
INFO: [ view_parse ] --START--
INFO: [ template_filter ] --START--
INFO: Run Behavior\ContentReplaceBehavior [ RunTime:0.000000s ]
INFO: [ template_filter ] --END-- [ RunTime:0.000000s ]
INFO: Run Behavior\ParseTemplateBehavior [ RunTime:0.010001s ]
INFO: [ view_parse ] --END-- [ RunTime:0.010001s ]
INFO: [ view_filter ] --START--
INFO: Run Behavior\WriteHtmlCacheBehavior [ RunTime:0.001000s ]
INFO: [ view_filter ] --END-- [ RunTime:0.001000s ]
INFO: [ app_end ] --START--
INFO: Run Behavior\ShowPageTraceBehavior [ RunTime:0.000000s ]
INFO: [ app_end ] --END-- [ RunTime:0.000000s ]

[ 2017-06-02T21:32:49+08:00 ] 127.0.0.1 /index.php/Admin/Article/article_list.html
INFO: [ app_init ] --START--
INFO: Run Behavior\BuildLiteBehavior [ RunTime:0.000000s ]
INFO: [ app_init ] --END-- [ RunTime:0.001000s ]
INFO: [ app_begin ] --START--
INFO: Run Behavior\ReadHtmlCacheBehavior [ RunTime:0.001000s ]
INFO: [ app_begin ] --END-- [ RunTime:0.001000s ]
NOTIC: [2048] Declaration of Admin\Controller\ArticleController::_initialize() should be compatible with Admin\Controller\BaseController::_initialize($islogin = true) F:\tpBlog\Application\Admin\Controller\ArticleController.class.php 第 4 行.
SQL: SHOW COLUMNS FROM `b_article` [ RunTime:0.0030s ]
SQL: SHOW COLUMNS FROM `b_article_category` [ RunTime:0.0030s ]
SQL: SELECT * FROM `b_article`  [ RunTime:0.0010s ]
SQL: SELECT * FROM `b_article_category` WHERE `id` = 0 LIMIT 1   [ RunTime:0.0000s ]
SQL: SELECT COUNT(*) AS tp_count FROM `b_article` LIMIT 1   [ RunTime:0.0000s ]
NOTIC: [2] Missing argument 3 for Component\Page::__construct(), called in F:\tpBlog\Application\Admin\Controller\ArticleController.class.php on line 33 and defined F:\tpBlog\Application\Component\Page.class.php 第 20 行.
NOTIC: [8] Undefined variable: page F:\tpBlog\Application\Component\Page.class.php 第 24 行.
SQL: select * from b_article Limit 0, 10 [ RunTime:0.0010s ]
INFO: [ view_parse ] --START--
INFO: [ template_filter ] --START--
INFO: Run Behavior\ContentReplaceBehavior [ RunTime:0.000000s ]
INFO: [ template_filter ] --END-- [ RunTime:0.000000s ]
INFO: Run Behavior\ParseTemplateBehavior [ RunTime:0.011001s ]
INFO: [ view_parse ] --END-- [ RunTime:0.011001s ]
INFO: [ view_filter ] --START--
INFO: Run Behavior\WriteHtmlCacheBehavior [ RunTime:0.000000s ]
INFO: [ view_filter ] --END-- [ RunTime:0.000000s ]
INFO: [ app_end ] --START--
INFO: Run Behavior\ShowPageTraceBehavior [ RunTime:0.001000s ]
INFO: [ app_end ] --END-- [ RunTime:0.001000s ]

[ 2017-06-02T21:35:49+08:00 ] 127.0.0.1 /index.php/Admin/Article/article_list.html
INFO: [ app_init ] --START--
INFO: Run Behavior\BuildLiteBehavior [ RunTime:0.000000s ]
INFO: [ app_init ] --END-- [ RunTime:0.000000s ]
INFO: [ app_begin ] --START--
INFO: Run Behavior\ReadHtmlCacheBehavior [ RunTime:0.001000s ]
INFO: [ app_begin ] --END-- [ RunTime:0.001000s ]
NOTIC: [2048] Declaration of Admin\Controller\ArticleController::_initialize() should be compatible with Admin\Controller\BaseController::_initialize($islogin = true) F:\tpBlog\Application\Admin\Controller\ArticleController.class.php 第 4 行.
SQL: SHOW COLUMNS FROM `b_article` [ RunTime:0.0050s ]
SQL: SHOW COLUMNS FROM `b_article_category` [ RunTime:0.0030s ]
SQL: SELECT COUNT(*) AS tp_count FROM `b_article` LIMIT 1   [ RunTime:0.0000s ]
NOTIC: [2] Missing argument 3 for Component\Page::__construct(), called in F:\tpBlog\Application\Admin\Controller\ArticleController.class.php on line 28 and defined F:\tpBlog\Application\Component\Page.class.php 第 20 行.
NOTIC: [8] Undefined variable: page F:\tpBlog\Application\Component\Page.class.php 第 24 行.
SQL: select * from b_article Limit 0, 10 [ RunTime:0.0010s ]
SQL: SELECT * FROM `b_article_category` WHERE `id` = 0 LIMIT 1   [ RunTime:0.0000s ]
INFO: [ view_parse ] --START--
INFO: [ template_filter ] --START--
INFO: Run Behavior\ContentReplaceBehavior [ RunTime:0.000000s ]
INFO: [ template_filter ] --END-- [ RunTime:0.000000s ]
NOTIC: [8] Undefined variable: result F:\tpBlog\Application\Runtime\Cache\Admin\f68c5a1a42542d9b876352dd3eb66abd.php 第 142 行.
INFO: Run Behavior\ParseTemplateBehavior [ RunTime:0.011001s ]
INFO: [ view_parse ] --END-- [ RunTime:0.012001s ]
INFO: [ view_filter ] --START--
INFO: Run Behavior\WriteHtmlCacheBehavior [ RunTime:0.000000s ]
INFO: [ view_filter ] --END-- [ RunTime:0.000000s ]
NOTIC: [2] Cannot modify header information - headers already sent by (output started at F:\tpBlog\Application\Admin\Controller\ArticleController.class.php:46) F:\tpBlog\ThinkPHP\Library\Think\View.class.php 第 91 行.
NOTIC: [2] Cannot modify header information - headers already sent by (output started at F:\tpBlog\Application\Admin\Controller\ArticleController.class.php:46) F:\tpBlog\ThinkPHP\Library\Think\View.class.php 第 92 行.
NOTIC: [2] Cannot modify header information - headers already sent by (output started at F:\tpBlog\Application\Admin\Controller\ArticleController.class.php:46) F:\tpBlog\ThinkPHP\Library\Think\View.class.php 第 93 行.
INFO: [ app_end ] --START--
INFO: Run Behavior\ShowPageTraceBehavior [ RunTime:0.000000s ]
INFO: [ app_end ] --END-- [ RunTime:0.001000s ]

[ 2017-06-02T21:35:53+08:00 ] 127.0.0.1 /index.php/Admin/Article/article_list.html
INFO: [ app_init ] --START--
INFO: Run Behavior\BuildLiteBehavior [ RunTime:0.000000s ]
INFO: [ app_init ] --END-- [ RunTime:0.000000s ]
INFO: [ app_begin ] --START--
INFO: Run Behavior\ReadHtmlCacheBehavior [ RunTime:0.000000s ]
INFO: [ app_begin ] --END-- [ RunTime:0.001000s ]
NOTIC: [2048] Declaration of Admin\Controller\ArticleController::_initialize() should be compatible with Admin\Controller\BaseController::_initialize($islogin = true) F:\tpBlog\Application\Admin\Controller\ArticleController.class.php 第 4 行.
SQL: SHOW COLUMNS FROM `b_article` [ RunTime:0.0040s ]
SQL: SHOW COLUMNS FROM `b_article_category` [ RunTime:0.0040s ]
SQL: SELECT COUNT(*) AS tp_count FROM `b_article` LIMIT 1   [ RunTime:0.0000s ]
NOTIC: [2] Missing argument 3 for Component\Page::__construct(), called in F:\tpBlog\Application\Admin\Controller\ArticleController.class.php on line 28 and defined F:\tpBlog\Application\Component\Page.class.php 第 20 行.
NOTIC: [8] Undefined variable: page F:\tpBlog\Application\Component\Page.class.php 第 24 行.
SQL: select * from b_article Limit 0, 10 [ RunTime:0.0010s ]
SQL: SELECT * FROM `b_article_category` WHERE `id` = 0 LIMIT 1   [ RunTime:0.0000s ]
INFO: [ view_parse ] --START--
INFO: [ template_filter ] --START--
INFO: Run Behavior\ContentReplaceBehavior [ RunTime:0.000000s ]
INFO: [ template_filter ] --END-- [ RunTime:0.000000s ]
NOTIC: [8] Undefined variable: result F:\tpBlog\Application\Runtime\Cache\Admin\f68c5a1a42542d9b876352dd3eb66abd.php 第 142 行.
INFO: Run Behavior\ParseTemplateBehavior [ RunTime:0.011001s ]
INFO: [ view_parse ] --END-- [ RunTime:0.011001s ]
INFO: [ view_filter ] --START--
INFO: Run Behavior\WriteHtmlCacheBehavior [ RunTime:0.000000s ]
INFO: [ view_filter ] --END-- [ RunTime:0.001000s ]
NOTIC: [2] Cannot modify header information - headers already sent by (output started at F:\tpBlog\Application\Admin\Controller\ArticleController.class.php:46) F:\tpBlog\ThinkPHP\Library\Think\View.class.php 第 91 行.
NOTIC: [2] Cannot modify header information - headers already sent by (output started at F:\tpBlog\Application\Admin\Controller\ArticleController.class.php:46) F:\tpBlog\ThinkPHP\Library\Think\View.class.php 第 92 行.
NOTIC: [2] Cannot modify header information - headers already sent by (output started at F:\tpBlog\Application\Admin\Controller\ArticleController.class.php:46) F:\tpBlog\ThinkPHP\Library\Think\View.class.php 第 93 行.
INFO: [ app_end ] --START--
INFO: Run Behavior\ShowPageTraceBehavior [ RunTime:0.000000s ]
INFO: [ app_end ] --END-- [ RunTime:0.000000s ]

[ 2017-06-02T21:36:53+08:00 ] 127.0.0.1 /index.php/Admin/Article/article_list.html
INFO: [ app_init ] --START--
INFO: Run Behavior\BuildLiteBehavior [ RunTime:0.000000s ]
INFO: [ app_init ] --END-- [ RunTime:0.001000s ]
INFO: [ app_begin ] --START--
INFO: Run Behavior\ReadHtmlCacheBehavior [ RunTime:0.000000s ]
INFO: [ app_begin ] --END-- [ RunTime:0.000000s ]
NOTIC: [2048] Declaration of Admin\Controller\ArticleController::_initialize() should be compatible with Admin\Controller\BaseController::_initialize($islogin = true) F:\tpBlog\Application\Admin\Controller\ArticleController.class.php 第 4 行.
SQL: SHOW COLUMNS FROM `b_article` [ RunTime:0.0050s ]
SQL: SHOW COLUMNS FROM `b_article_category` [ RunTime:0.0040s ]
SQL: SELECT COUNT(*) AS tp_count FROM `b_article` LIMIT 1   [ RunTime:0.0010s ]
NOTIC: [2] Missing argument 3 for Component\Page::__construct(), called in F:\tpBlog\Application\Admin\Controller\ArticleController.class.php on line 28 and defined F:\tpBlog\Application\Component\Page.class.php 第 20 行.
NOTIC: [8] Undefined variable: page F:\tpBlog\Application\Component\Page.class.php 第 24 行.
SQL: select * from b_article Limit 0, 10 [ RunTime:0.0010s ]
SQL: SELECT * FROM `b_article_category` WHERE `id` = 0 LIMIT 1   [ RunTime:0.0010s ]
INFO: [ view_parse ] --START--
INFO: [ template_filter ] --START--
INFO: Run Behavior\ContentReplaceBehavior [ RunTime:0.000000s ]
INFO: [ template_filter ] --END-- [ RunTime:0.000000s ]
NOTIC: [8] Undefined variable: result F:\tpBlog\Application\Runtime\Cache\Admin\f68c5a1a42542d9b876352dd3eb66abd.php 第 142 行.
INFO: Run Behavior\ParseTemplateBehavior [ RunTime:0.009001s ]
INFO: [ view_parse ] --END-- [ RunTime:0.009001s ]
INFO: [ view_filter ] --START--
INFO: Run Behavior\WriteHtmlCacheBehavior [ RunTime:0.001000s ]
INFO: [ view_filter ] --END-- [ RunTime:0.001000s ]
NOTIC: [2] Cannot modify header information - headers already sent by (output started at F:\tpBlog\Application\Admin\Controller\ArticleController.class.php:34) F:\tpBlog\ThinkPHP\Library\Think\View.class.php 第 91 行.
NOTIC: [2] Cannot modify header information - headers already sent by (output started at F:\tpBlog\Application\Admin\Controller\ArticleController.class.php:34) F:\tpBlog\ThinkPHP\Library\Think\View.class.php 第 92 行.
NOTIC: [2] Cannot modify header information - headers already sent by (output started at F:\tpBlog\Application\Admin\Controller\ArticleController.class.php:34) F:\tpBlog\ThinkPHP\Library\Think\View.class.php 第 93 行.
INFO: [ app_end ] --START--
INFO: Run Behavior\ShowPageTraceBehavior [ RunTime:0.000000s ]
INFO: [ app_end ] --END-- [ RunTime:0.000000s ]

[ 2017-06-02T21:37:13+08:00 ] 127.0.0.1 /index.php/Admin/Article/article_list.html
INFO: [ app_init ] --START--
INFO: Run Behavior\BuildLiteBehavior [ RunTime:0.000000s ]
INFO: [ app_init ] --END-- [ RunTime:0.000000s ]
INFO: [ app_begin ] --START--
INFO: Run Behavior\ReadHtmlCacheBehavior [ RunTime:0.001000s ]
INFO: [ app_begin ] --END-- [ RunTime:0.001000s ]
NOTIC: [2048] Declaration of Admin\Controller\ArticleController::_initialize() should be compatible with Admin\Controller\BaseController::_initialize($islogin = true) F:\tpBlog\Application\Admin\Controller\ArticleController.class.php 第 4 行.
SQL: SHOW COLUMNS FROM `b_article` [ RunTime:0.0040s ]
SQL: SHOW COLUMNS FROM `b_article_category` [ RunTime:0.0030s ]
SQL: SELECT COUNT(*) AS tp_count FROM `b_article` LIMIT 1   [ RunTime:0.0000s ]
NOTIC: [2] Missing argument 3 for Component\Page::__construct(), called in F:\tpBlog\Application\Admin\Controller\ArticleController.class.php on line 28 and defined F:\tpBlog\Application\Component\Page.class.php 第 20 行.
NOTIC: [8] Undefined variable: page F:\tpBlog\Application\Component\Page.class.php 第 24 行.
SQL: select * from b_article Limit 0, 10 [ RunTime:0.0010s ]
SQL: SELECT * FROM `b_article_category` WHERE `id` = 0 LIMIT 1   [ RunTime:0.0010s ]
INFO: [ view_parse ] --START--
INFO: [ template_filter ] --START--
INFO: Run Behavior\ContentReplaceBehavior [ RunTime:0.000000s ]
INFO: [ template_filter ] --END-- [ RunTime:0.000000s ]
NOTIC: [8] Undefined variable: result F:\tpBlog\Application\Runtime\Cache\Admin\f68c5a1a42542d9b876352dd3eb66abd.php 第 142 行.
INFO: Run Behavior\ParseTemplateBehavior [ RunTime:0.011001s ]
INFO: [ view_parse ] --END-- [ RunTime:0.011001s ]
INFO: [ view_filter ] --START--
INFO: Run Behavior\WriteHtmlCacheBehavior [ RunTime:0.000000s ]
INFO: [ view_filter ] --END-- [ RunTime:0.000000s ]
NOTIC: [2] Cannot modify header information - headers already sent by (output started at F:\tpBlog\Application\Admin\Controller\ArticleController.class.php:34) F:\tpBlog\ThinkPHP\Library\Think\View.class.php 第 91 行.
NOTIC: [2] Cannot modify header information - headers already sent by (output started at F:\tpBlog\Application\Admin\Controller\ArticleController.class.php:34) F:\tpBlog\ThinkPHP\Library\Think\View.class.php 第 92 行.
NOTIC: [2] Cannot modify header information - headers already sent by (output started at F:\tpBlog\Application\Admin\Controller\ArticleController.class.php:34) F:\tpBlog\ThinkPHP\Library\Think\View.class.php 第 93 行.
INFO: [ app_end ] --START--
INFO: Run Behavior\ShowPageTraceBehavior [ RunTime:0.001000s ]
INFO: [ app_end ] --END-- [ RunTime:0.001000s ]

[ 2017-06-02T21:37:43+08:00 ] 127.0.0.1 /index.php/Admin/Article/article_list.html
INFO: [ app_init ] --START--
INFO: Run Behavior\BuildLiteBehavior [ RunTime:0.000000s ]
INFO: [ app_init ] --END-- [ RunTime:0.000000s ]
INFO: [ app_begin ] --START--
INFO: Run Behavior\ReadHtmlCacheBehavior [ RunTime:0.000000s ]
INFO: [ app_begin ] --END-- [ RunTime:0.000000s ]
NOTIC: [2048] Declaration of Admin\Controller\ArticleController::_initialize() should be compatible with Admin\Controller\BaseController::_initialize($islogin = true) F:\tpBlog\Application\Admin\Controller\ArticleController.class.php 第 4 行.
SQL: SHOW COLUMNS FROM `b_article` [ RunTime:0.0030s ]
SQL: SHOW COLUMNS FROM `b_article_category` [ RunTime:0.0030s ]
SQL: SELECT COUNT(*) AS tp_count FROM `b_article` LIMIT 1   [ RunTime:0.0000s ]
NOTIC: [2] Missing argument 3 for Component\Page::__construct(), called in F:\tpBlog\Application\Admin\Controller\ArticleController.class.php on line 28 and defined F:\tpBlog\Application\Component\Page.class.php 第 20 行.
NOTIC: [8] Undefined variable: page F:\tpBlog\Application\Component\Page.class.php 第 24 行.
SQL: select * from b_article Limit 0, 10 [ RunTime:0.0010s ]
SQL: SELECT * FROM `b_article_category` WHERE `id` = 0 LIMIT 1   [ RunTime:0.0000s ]
INFO: [ view_parse ] --START--
INFO: [ template_filter ] --START--
INFO: Run Behavior\ContentReplaceBehavior [ RunTime:0.000000s ]
INFO: [ template_filter ] --END-- [ RunTime:0.000000s ]
NOTIC: [8] Undefined variable: result F:\tpBlog\Application\Runtime\Cache\Admin\f68c5a1a42542d9b876352dd3eb66abd.php 第 142 行.
INFO: Run Behavior\ParseTemplateBehavior [ RunTime:0.010000s ]
INFO: [ view_parse ] --END-- [ RunTime:0.010000s ]
INFO: [ view_filter ] --START--
INFO: Run Behavior\WriteHtmlCacheBehavior [ RunTime:0.000000s ]
INFO: [ view_filter ] --END-- [ RunTime:0.000000s ]
NOTIC: [2] Cannot modify header information - headers already sent by (output started at F:\tpBlog\Application\Admin\Controller\ArticleController.class.php:34) F:\tpBlog\ThinkPHP\Library\Think\View.class.php 第 91 行.
NOTIC: [2] Cannot modify header information - headers already sent by (output started at F:\tpBlog\Application\Admin\Controller\ArticleController.class.php:34) F:\tpBlog\ThinkPHP\Library\Think\View.class.php 第 92 行.
NOTIC: [2] Cannot modify header information - headers already sent by (output started at F:\tpBlog\Application\Admin\Controller\ArticleController.class.php:34) F:\tpBlog\ThinkPHP\Library\Think\View.class.php 第 93 行.
INFO: [ app_end ] --START--
INFO: Run Behavior\ShowPageTraceBehavior [ RunTime:0.000000s ]
INFO: [ app_end ] --END-- [ RunTime:0.000000s ]

[ 2017-06-02T21:37:45+08:00 ] 127.0.0.1 /index.php/Admin/Article/article_list.html
INFO: [ app_init ] --START--
INFO: Run Behavior\BuildLiteBehavior [ RunTime:0.000000s ]
INFO: [ app_init ] --END-- [ RunTime:0.000000s ]
INFO: [ app_begin ] --START--
INFO: Run Behavior\ReadHtmlCacheBehavior [ RunTime:0.000000s ]
INFO: [ app_begin ] --END-- [ RunTime:0.000000s ]
NOTIC: [2048] Declaration of Admin\Controller\ArticleController::_initialize() should be compatible with Admin\Controller\BaseController::_initialize($islogin = true) F:\tpBlog\Application\Admin\Controller\ArticleController.class.php 第 4 行.
SQL: SHOW COLUMNS FROM `b_article` [ RunTime:0.0040s ]
SQL: SHOW COLUMNS FROM `b_article_category` [ RunTime:0.0030s ]
SQL: SELECT COUNT(*) AS tp_count FROM `b_article` LIMIT 1   [ RunTime:0.0000s ]
NOTIC: [2] Missing argument 3 for Component\Page::__construct(), called in F:\tpBlog\Application\Admin\Controller\ArticleController.class.php on line 28 and defined F:\tpBlog\Application\Component\Page.class.php 第 20 行.
NOTIC: [8] Undefined variable: page F:\tpBlog\Application\Component\Page.class.php 第 24 行.
SQL: select * from b_article Limit 0, 10 [ RunTime:0.0010s ]
SQL: SELECT * FROM `b_article_category` WHERE `id` = 0 LIMIT 1   [ RunTime:0.0000s ]
INFO: [ view_parse ] --START--
INFO: [ template_filter ] --START--
INFO: Run Behavior\ContentReplaceBehavior [ RunTime:0.000000s ]
INFO: [ template_filter ] --END-- [ RunTime:0.000000s ]
NOTIC: [8] Undefined variable: result F:\tpBlog\Application\Runtime\Cache\Admin\f68c5a1a42542d9b876352dd3eb66abd.php 第 142 行.
INFO: Run Behavior\ParseTemplateBehavior [ RunTime:0.011001s ]
INFO: [ view_parse ] --END-- [ RunTime:0.011001s ]
INFO: [ view_filter ] --START--
INFO: Run Behavior\WriteHtmlCacheBehavior [ RunTime:0.000000s ]
INFO: [ view_filter ] --END-- [ RunTime:0.000000s ]
NOTIC: [2] Cannot modify header information - headers already sent by (output started at F:\tpBlog\Application\Admin\Controller\ArticleController.class.php:34) F:\tpBlog\ThinkPHP\Library\Think\View.class.php 第 91 行.
NOTIC: [2] Cannot modify header information - headers already sent by (output started at F:\tpBlog\Application\Admin\Controller\ArticleController.class.php:34) F:\tpBlog\ThinkPHP\Library\Think\View.class.php 第 92 行.
NOTIC: [2] Cannot modify header information - headers already sent by (output started at F:\tpBlog\Application\Admin\Controller\ArticleController.class.php:34) F:\tpBlog\ThinkPHP\Library\Think\View.class.php 第 93 行.
INFO: [ app_end ] --START--
INFO: Run Behavior\ShowPageTraceBehavior [ RunTime:0.001000s ]
INFO: [ app_end ] --END-- [ RunTime:0.001000s ]

[ 2017-06-02T21:41:31+08:00 ] 127.0.0.1 /index.php/Admin/Article/article_list.html
INFO: [ app_init ] --START--
INFO: Run Behavior\BuildLiteBehavior [ RunTime:0.001001s ]
INFO: [ app_init ] --END-- [ RunTime:0.001001s ]
INFO: [ app_begin ] --START--
INFO: Run Behavior\ReadHtmlCacheBehavior [ RunTime:0.000000s ]
INFO: [ app_begin ] --END-- [ RunTime:0.002000s ]
NOTIC: [2048] Declaration of Admin\Controller\ArticleController::_initialize() should be compatible with Admin\Controller\BaseController::_initialize($islogin = true) F:\tpBlog\Application\Admin\Controller\ArticleController.class.php 第 4 行.
SQL: SHOW COLUMNS FROM `b_article` [ RunTime:0.0040s ]
SQL: SHOW COLUMNS FROM `b_article_category` [ RunTime:0.0040s ]
SQL: SELECT COUNT(*) AS tp_count FROM `b_article` LIMIT 1   [ RunTime:0.0000s ]
NOTIC: [2] Missing argument 3 for Component\Page::__construct(), called in F:\tpBlog\Application\Admin\Controller\ArticleController.class.php on line 28 and defined F:\tpBlog\Application\Component\Page.class.php 第 20 行.
NOTIC: [8] Undefined variable: page F:\tpBlog\Application\Component\Page.class.php 第 24 行.
SQL: select * from b_article Limit 0, 10 [ RunTime:0.0010s ]
SQL: SELECT * FROM `b_article_category` WHERE `id` = 0 LIMIT 1   [ RunTime:0.0000s ]
INFO: [ view_parse ] --START--
INFO: [ template_filter ] --START--
INFO: Run Behavior\ContentReplaceBehavior [ RunTime:0.000000s ]
INFO: [ template_filter ] --END-- [ RunTime:0.000000s ]
NOTIC: [8] Undefined variable: result F:\tpBlog\Application\Runtime\Cache\Admin\f68c5a1a42542d9b876352dd3eb66abd.php 第 142 行.
INFO: Run Behavior\ParseTemplateBehavior [ RunTime:0.010000s ]
INFO: [ view_parse ] --END-- [ RunTime:0.010000s ]
INFO: [ view_filter ] --START--
INFO: Run Behavior\WriteHtmlCacheBehavior [ RunTime:0.001001s ]
INFO: [ view_filter ] --END-- [ RunTime:0.001001s ]
NOTIC: [2] Cannot modify header information - headers already sent by (output started at F:\tpBlog\Application\Admin\Controller\ArticleController.class.php:43) F:\tpBlog\ThinkPHP\Library\Think\View.class.php 第 91 行.
NOTIC: [2] Cannot modify header information - headers already sent by (output started at F:\tpBlog\Application\Admin\Controller\ArticleController.class.php:43) F:\tpBlog\ThinkPHP\Library\Think\View.class.php 第 92 行.
NOTIC: [2] Cannot modify header information - headers already sent by (output started at F:\tpBlog\Application\Admin\Controller\ArticleController.class.php:43) F:\tpBlog\ThinkPHP\Library\Think\View.class.php 第 93 行.
INFO: [ app_end ] --START--
INFO: Run Behavior\ShowPageTraceBehavior [ RunTime:0.000000s ]
INFO: [ app_end ] --END-- [ RunTime:0.000000s ]

[ 2017-06-02T21:43:54+08:00 ] 127.0.0.1 /index.php/Admin/Article/article_list.html
INFO: [ app_init ] --START--
INFO: Run Behavior\BuildLiteBehavior [ RunTime:0.000000s ]
INFO: [ app_init ] --END-- [ RunTime:0.000000s ]
INFO: [ app_begin ] --START--
INFO: Run Behavior\ReadHtmlCacheBehavior [ RunTime:0.001000s ]
INFO: [ app_begin ] --END-- [ RunTime:0.001000s ]
NOTIC: [2048] Declaration of Admin\Controller\ArticleController::_initialize() should be compatible with Admin\Controller\BaseController::_initialize($islogin = true) F:\tpBlog\Application\Admin\Controller\ArticleController.class.php 第 4 行.
SQL: SHOW COLUMNS FROM `b_article` [ RunTime:0.0040s ]
SQL: SHOW COLUMNS FROM `b_article_category` [ RunTime:0.0040s ]
INFO: [ view_parse ] --START--
INFO: [ template_filter ] --START--
INFO: Run Behavior\ContentReplaceBehavior [ RunTime:0.000000s ]
INFO: [ template_filter ] --END-- [ RunTime:0.000000s ]
NOTIC: [8] Undefined variable: result F:\tpBlog\Application\Runtime\Cache\Admin\f68c5a1a42542d9b876352dd3eb66abd.php 第 142 行.
INFO: Run Behavior\ParseTemplateBehavior [ RunTime:0.011001s ]
INFO: [ view_parse ] --END-- [ RunTime:0.011001s ]
INFO: [ view_filter ] --START--
INFO: Run Behavior\WriteHtmlCacheBehavior [ RunTime:0.000000s ]
INFO: [ view_filter ] --END-- [ RunTime:0.000000s ]
INFO: [ app_end ] --START--
INFO: Run Behavior\ShowPageTraceBehavior [ RunTime:0.001000s ]
INFO: [ app_end ] --END-- [ RunTime:0.001000s ]

[ 2017-06-02T21:44:11+08:00 ] 127.0.0.1 /index.php/Admin/Article/article_list.html
INFO: [ app_init ] --START--
INFO: Run Behavior\BuildLiteBehavior [ RunTime:0.000000s ]
INFO: [ app_init ] --END-- [ RunTime:0.000000s ]
INFO: [ app_begin ] --START--
INFO: Run Behavior\ReadHtmlCacheBehavior [ RunTime:0.000000s ]
INFO: [ app_begin ] --END-- [ RunTime:0.001000s ]
NOTIC: [2048] Declaration of Admin\Controller\ArticleController::_initialize() should be compatible with Admin\Controller\BaseController::_initialize($islogin = true) F:\tpBlog\Application\Admin\Controller\ArticleController.class.php 第 4 行.
SQL: SHOW COLUMNS FROM `b_article` [ RunTime:0.0050s ]
SQL: SHOW COLUMNS FROM `b_article_category` [ RunTime:0.0040s ]
INFO: [ view_parse ] --START--
INFO: [ template_filter ] --START--
INFO: Run Behavior\ContentReplaceBehavior [ RunTime:0.000000s ]
INFO: [ template_filter ] --END-- [ RunTime:0.000000s ]
NOTIC: [8] Undefined variable: result F:\tpBlog\Application\Runtime\Cache\Admin\f68c5a1a42542d9b876352dd3eb66abd.php 第 142 行.
INFO: Run Behavior\ParseTemplateBehavior [ RunTime:0.010000s ]
INFO: [ view_parse ] --END-- [ RunTime:0.010000s ]
INFO: [ view_filter ] --START--
INFO: Run Behavior\WriteHtmlCacheBehavior [ RunTime:0.000000s ]
INFO: [ view_filter ] --END-- [ RunTime:0.000000s ]
INFO: [ app_end ] --START--
INFO: Run Behavior\ShowPageTraceBehavior [ RunTime:0.001001s ]
INFO: [ app_end ] --END-- [ RunTime:0.001001s ]

[ 2017-06-02T21:44:12+08:00 ] 127.0.0.1 /index.php/Admin/Article/article_list.html
INFO: [ app_init ] --START--
INFO: Run Behavior\BuildLiteBehavior [ RunTime:0.000000s ]
INFO: [ app_init ] --END-- [ RunTime:0.000000s ]
INFO: [ app_begin ] --START--
INFO: Run Behavior\ReadHtmlCacheBehavior [ RunTime:0.001001s ]
INFO: [ app_begin ] --END-- [ RunTime:0.001001s ]
NOTIC: [2048] Declaration of Admin\Controller\ArticleController::_initialize() should be compatible with Admin\Controller\BaseController::_initialize($islogin = true) F:\tpBlog\Application\Admin\Controller\ArticleController.class.php 第 4 行.
SQL: SHOW COLUMNS FROM `b_article` [ RunTime:0.0040s ]
SQL: SHOW COLUMNS FROM `b_article_category` [ RunTime:0.0060s ]
INFO: [ view_parse ] --START--
INFO: [ template_filter ] --START--
INFO: Run Behavior\ContentReplaceBehavior [ RunTime:0.000000s ]
INFO: [ template_filter ] --END-- [ RunTime:0.000000s ]
NOTIC: [8] Undefined variable: result F:\tpBlog\Application\Runtime\Cache\Admin\f68c5a1a42542d9b876352dd3eb66abd.php 第 142 行.
INFO: Run Behavior\ParseTemplateBehavior [ RunTime:0.010000s ]
INFO: [ view_parse ] --END-- [ RunTime:0.010000s ]
INFO: [ view_filter ] --START--
INFO: Run Behavior\WriteHtmlCacheBehavior [ RunTime:0.001000s ]
INFO: [ view_filter ] --END-- [ RunTime:0.001000s ]
INFO: [ app_end ] --START--
INFO: Run Behavior\ShowPageTraceBehavior [ RunTime:0.000000s ]
INFO: [ app_end ] --END-- [ RunTime:0.000000s ]

[ 2017-06-02T21:46:09+08:00 ] 127.0.0.1 /index.php/Admin/Article/article_list.html
INFO: [ app_init ] --START--
INFO: Run Behavior\BuildLiteBehavior [ RunTime:0.000000s ]
INFO: [ app_init ] --END-- [ RunTime:0.000000s ]
INFO: [ app_begin ] --START--
INFO: Run Behavior\ReadHtmlCacheBehavior [ RunTime:0.000000s ]
INFO: [ app_begin ] --END-- [ RunTime:0.001000s ]
NOTIC: [2048] Declaration of Admin\Controller\ArticleController::_initialize() should be compatible with Admin\Controller\BaseController::_initialize($islogin = true) F:\tpBlog\Application\Admin\Controller\ArticleController.class.php 第 4 行.
SQL: SHOW COLUMNS FROM `b_article` [ RunTime:0.0040s ]
SQL: SHOW COLUMNS FROM `b_article_category` [ RunTime:0.0030s ]
INFO: [ view_parse ] --START--
INFO: [ template_filter ] --START--
INFO: Run Behavior\ContentReplaceBehavior [ RunTime:0.000000s ]
INFO: [ template_filter ] --END-- [ RunTime:0.000000s ]
NOTIC: [8] Undefined variable: result F:\tpBlog\Application\Runtime\Cache\Admin\f68c5a1a42542d9b876352dd3eb66abd.php 第 142 行.
INFO: Run Behavior\ParseTemplateBehavior [ RunTime:0.012001s ]
INFO: [ view_parse ] --END-- [ RunTime:0.012001s ]
INFO: [ view_filter ] --START--
INFO: Run Behavior\WriteHtmlCacheBehavior [ RunTime:0.000000s ]
INFO: [ view_filter ] --END-- [ RunTime:0.000000s ]
INFO: [ app_end ] --START--
INFO: Run Behavior\ShowPageTraceBehavior [ RunTime:0.001000s ]
INFO: [ app_end ] --END-- [ RunTime:0.001000s ]

[ 2017-06-02T21:46:10+08:00 ] 127.0.0.1 /index.php/Admin/Article/article_list
INFO: [ app_init ] --START--
INFO: Run Behavior\BuildLiteBehavior [ RunTime:0.000000s ]
INFO: [ app_init ] --END-- [ RunTime:0.000000s ]
INFO: [ app_begin ] --START--
INFO: Run Behavior\ReadHtmlCacheBehavior [ RunTime:0.000000s ]
INFO: [ app_begin ] --END-- [ RunTime:0.000000s ]
NOTIC: [2048] Declaration of Admin\Controller\ArticleController::_initialize() should be compatible with Admin\Controller\BaseController::_initialize($islogin = true) F:\tpBlog\Application\Admin\Controller\ArticleController.class.php 第 4 行.
SQL: SHOW COLUMNS FROM `b_article` [ RunTime:0.0040s ]
SQL: SHOW COLUMNS FROM `b_article_category` [ RunTime:0.0050s ]
SQL: SELECT COUNT(*) AS tp_count FROM `b_article` LIMIT 1   [ RunTime:0.0000s ]
SQL: select * from b_article Limit 0, 10 [ RunTime:0.0010s ]
SQL: SELECT * FROM `b_article_category` WHERE `id` = 0 LIMIT 1   [ RunTime:0.0000s ]
INFO: [ view_parse ] --START--
INFO: [ template_filter ] --START--
INFO: Run Behavior\ContentReplaceBehavior [ RunTime:0.000000s ]
INFO: [ template_filter ] --END-- [ RunTime:0.000000s ]
NOTIC: [8] Undefined variable: result F:\tpBlog\Application\Runtime\Cache\Admin\f68c5a1a42542d9b876352dd3eb66abd.php 第 142 行.
INFO: Run Behavior\ParseTemplateBehavior [ RunTime:0.016001s ]
INFO: [ view_parse ] --END-- [ RunTime:0.016001s ]
INFO: [ view_filter ] --START--
INFO: Run Behavior\WriteHtmlCacheBehavior [ RunTime:0.001000s ]
INFO: [ view_filter ] --END-- [ RunTime:0.001000s ]
NOTIC: [2] Cannot modify header information - headers already sent by (output started at F:\tpBlog\Application\Admin\Controller\ArticleController.class.php:40) F:\tpBlog\ThinkPHP\Library\Think\View.class.php 第 91 行.
NOTIC: [2] Cannot modify header information - headers already sent by (output started at F:\tpBlog\Application\Admin\Controller\ArticleController.class.php:40) F:\tpBlog\ThinkPHP\Library\Think\View.class.php 第 92 行.
NOTIC: [2] Cannot modify header information - headers already sent by (output started at F:\tpBlog\Application\Admin\Controller\ArticleController.class.php:40) F:\tpBlog\ThinkPHP\Library\Think\View.class.php 第 93 行.
INFO: [ app_end ] --START--
INFO: Run Behavior\ShowPageTraceBehavior [ RunTime:0.001000s ]
INFO: [ app_end ] --END-- [ RunTime:0.001000s ]

[ 2017-06-02T21:46:21+08:00 ] 127.0.0.1 /index.php/Admin/Article/article_list.html
INFO: [ app_init ] --START--
INFO: Run Behavior\BuildLiteBehavior [ RunTime:0.000000s ]
INFO: [ app_init ] --END-- [ RunTime:0.000000s ]
INFO: [ app_begin ] --START--
INFO: Run Behavior\ReadHtmlCacheBehavior [ RunTime:0.000000s ]
INFO: [ app_begin ] --END-- [ RunTime:0.001000s ]
NOTIC: [2048] Declaration of Admin\Controller\ArticleController::_initialize() should be compatible with Admin\Controller\BaseController::_initialize($islogin = true) F:\tpBlog\Application\Admin\Controller\ArticleController.class.php 第 4 行.
SQL: SHOW COLUMNS FROM `b_article` [ RunTime:0.0060s ]
SQL: SHOW COLUMNS FROM `b_article_category` [ RunTime:0.0060s ]
INFO: [ view_parse ] --START--
INFO: [ template_filter ] --START--
INFO: Run Behavior\ContentReplaceBehavior [ RunTime:0.000000s ]
INFO: [ template_filter ] --END-- [ RunTime:0.000000s ]
NOTIC: [8] Undefined variable: result F:\tpBlog\Application\Runtime\Cache\Admin\f68c5a1a42542d9b876352dd3eb66abd.php 第 142 行.
INFO: Run Behavior\ParseTemplateBehavior [ RunTime:0.013001s ]
INFO: [ view_parse ] --END-- [ RunTime:0.013001s ]
INFO: [ view_filter ] --START--
INFO: Run Behavior\WriteHtmlCacheBehavior [ RunTime:0.000000s ]
INFO: [ view_filter ] --END-- [ RunTime:0.000000s ]
INFO: [ app_end ] --START--
INFO: Run Behavior\ShowPageTraceBehavior [ RunTime:0.001000s ]
INFO: [ app_end ] --END-- [ RunTime:0.001000s ]

[ 2017-06-02T21:46:22+08:00 ] 127.0.0.1 /index.php/Admin/Article/article_list
INFO: [ app_init ] --START--
INFO: Run Behavior\BuildLiteBehavior [ RunTime:0.000000s ]
INFO: [ app_init ] --END-- [ RunTime:0.001000s ]
INFO: [ app_begin ] --START--
INFO: Run Behavior\ReadHtmlCacheBehavior [ RunTime:0.001000s ]
INFO: [ app_begin ] --END-- [ RunTime:0.001000s ]
NOTIC: [2048] Declaration of Admin\Controller\ArticleController::_initialize() should be compatible with Admin\Controller\BaseController::_initialize($islogin = true) F:\tpBlog\Application\Admin\Controller\ArticleController.class.php 第 4 行.
SQL: SHOW COLUMNS FROM `b_article` [ RunTime:0.0050s ]
SQL: SHOW COLUMNS FROM `b_article_category` [ RunTime:0.0030s ]
SQL: SELECT COUNT(*) AS tp_count FROM `b_article` LIMIT 1   [ RunTime:0.0000s ]
SQL: select * from b_article Limit 0, 10 [ RunTime:0.0010s ]
SQL: SELECT * FROM `b_article_category` WHERE `id` = 0 LIMIT 1   [ RunTime:0.0000s ]
INFO: [ view_parse ] --START--
INFO: [ template_filter ] --START--
INFO: Run Behavior\ContentReplaceBehavior [ RunTime:0.000000s ]
INFO: [ template_filter ] --END-- [ RunTime:0.000000s ]
NOTIC: [8] Undefined variable: result F:\tpBlog\Application\Runtime\Cache\Admin\f68c5a1a42542d9b876352dd3eb66abd.php 第 142 行.
INFO: Run Behavior\ParseTemplateBehavior [ RunTime:0.011001s ]
INFO: [ view_parse ] --END-- [ RunTime:0.011001s ]
INFO: [ view_filter ] --START--
INFO: Run Behavior\WriteHtmlCacheBehavior [ RunTime:0.000000s ]
INFO: [ view_filter ] --END-- [ RunTime:0.000000s ]
NOTIC: [2] Cannot modify header information - headers already sent by (output started at F:\tpBlog\Application\Admin\Controller\ArticleController.class.php:40) F:\tpBlog\ThinkPHP\Library\Think\View.class.php 第 91 行.
NOTIC: [2] Cannot modify header information - headers already sent by (output started at F:\tpBlog\Application\Admin\Controller\ArticleController.class.php:40) F:\tpBlog\ThinkPHP\Library\Think\View.class.php 第 92 行.
NOTIC: [2] Cannot modify header information - headers already sent by (output started at F:\tpBlog\Application\Admin\Controller\ArticleController.class.php:40) F:\tpBlog\ThinkPHP\Library\Think\View.class.php 第 93 行.
INFO: [ app_end ] --START--
INFO: Run Behavior\ShowPageTraceBehavior [ RunTime:0.001000s ]
INFO: [ app_end ] --END-- [ RunTime:0.001000s ]

[ 2017-06-02T21:46:37+08:00 ] 127.0.0.1 /index.php/Admin/Article/article_list.html
INFO: [ app_init ] --START--
INFO: Run Behavior\BuildLiteBehavior [ RunTime:0.000000s ]
INFO: [ app_init ] --END-- [ RunTime:0.000000s ]
INFO: [ app_begin ] --START--
INFO: Run Behavior\ReadHtmlCacheBehavior [ RunTime:0.001000s ]
INFO: [ app_begin ] --END-- [ RunTime:0.001000s ]
NOTIC: [2048] Declaration of Admin\Controller\ArticleController::_initialize() should be compatible with Admin\Controller\BaseController::_initialize($islogin = true) F:\tpBlog\Application\Admin\Controller\ArticleController.class.php 第 4 行.
SQL: SHOW COLUMNS FROM `b_article` [ RunTime:0.0040s ]
SQL: SHOW COLUMNS FROM `b_article_category` [ RunTime:0.0040s ]
INFO: [ view_parse ] --START--
INFO: [ template_filter ] --START--
INFO: Run Behavior\ContentReplaceBehavior [ RunTime:0.000000s ]
INFO: [ template_filter ] --END-- [ RunTime:0.000000s ]
NOTIC: [8] Undefined variable: result F:\tpBlog\Application\Runtime\Cache\Admin\f68c5a1a42542d9b876352dd3eb66abd.php 第 142 行.
INFO: Run Behavior\ParseTemplateBehavior [ RunTime:0.014001s ]
INFO: [ view_parse ] --END-- [ RunTime:0.014001s ]
INFO: [ view_filter ] --START--
INFO: Run Behavior\WriteHtmlCacheBehavior [ RunTime:0.000000s ]
INFO: [ view_filter ] --END-- [ RunTime:0.000000s ]
INFO: [ app_end ] --START--
INFO: Run Behavior\ShowPageTraceBehavior [ RunTime:0.001000s ]
INFO: [ app_end ] --END-- [ RunTime:0.001000s ]

[ 2017-06-02T21:46:38+08:00 ] 127.0.0.1 /index.php/Admin/Article/article_list
INFO: [ app_init ] --START--
INFO: Run Behavior\BuildLiteBehavior [ RunTime:0.000000s ]
INFO: [ app_init ] --END-- [ RunTime:0.000000s ]
INFO: [ app_begin ] --START--
INFO: Run Behavior\ReadHtmlCacheBehavior [ RunTime:0.001000s ]
INFO: [ app_begin ] --END-- [ RunTime:0.001000s ]
NOTIC: [2048] Declaration of Admin\Controller\ArticleController::_initialize() should be compatible with Admin\Controller\BaseController::_initialize($islogin = true) F:\tpBlog\Application\Admin\Controller\ArticleController.class.php 第 4 行.
SQL: SHOW COLUMNS FROM `b_article` [ RunTime:0.0070s ]
SQL: SHOW COLUMNS FROM `b_article_category` [ RunTime:0.0060s ]
SQL: SELECT COUNT(*) AS tp_count FROM `b_article` LIMIT 1   [ RunTime:0.0010s ]
SQL: select * from b_article Limit 10, 10 [ RunTime:0.0010s ]
INFO: [ view_parse ] --START--
INFO: [ template_filter ] --START--
INFO: Run Behavior\ContentReplaceBehavior [ RunTime:0.000000s ]
INFO: [ template_filter ] --END-- [ RunTime:0.001000s ]
NOTIC: [8] Undefined variable: result F:\tpBlog\Application\Runtime\Cache\Admin\f68c5a1a42542d9b876352dd3eb66abd.php 第 142 行.
INFO: Run Behavior\ParseTemplateBehavior [ RunTime:0.016001s ]
INFO: [ view_parse ] --END-- [ RunTime:0.016001s ]
INFO: [ view_filter ] --START--
INFO: Run Behavior\WriteHtmlCacheBehavior [ RunTime:0.000000s ]
INFO: [ view_filter ] --END-- [ RunTime:0.000000s ]
INFO: [ app_end ] --START--
INFO: Run Behavior\ShowPageTraceBehavior [ RunTime:0.000000s ]
INFO: [ app_end ] --END-- [ RunTime:0.000000s ]

[ 2017-06-02T21:51:03+08:00 ] 127.0.0.1 /index.php/Admin/Article/article_list.html
INFO: [ app_init ] --START--
INFO: Run Behavior\BuildLiteBehavior [ RunTime:0.000000s ]
INFO: [ app_init ] --END-- [ RunTime:0.001000s ]
INFO: [ app_begin ] --START--
INFO: Run Behavior\ReadHtmlCacheBehavior [ RunTime:0.000000s ]
INFO: [ app_begin ] --END-- [ RunTime:0.000000s ]
NOTIC: [2048] Declaration of Admin\Controller\ArticleController::_initialize() should be compatible with Admin\Controller\BaseController::_initialize($islogin = true) F:\tpBlog\Application\Admin\Controller\ArticleController.class.php 第 4 行.
SQL: SHOW COLUMNS FROM `b_article` [ RunTime:0.0070s ]
SQL: SHOW COLUMNS FROM `b_article_category` [ RunTime:0.0040s ]
INFO: [ view_parse ] --START--
INFO: [ template_filter ] --START--
INFO: Run Behavior\ContentReplaceBehavior [ RunTime:0.000000s ]
INFO: [ template_filter ] --END-- [ RunTime:0.000000s ]
NOTIC: [8] Undefined variable: result F:\tpBlog\Application\Runtime\Cache\Admin\f68c5a1a42542d9b876352dd3eb66abd.php 第 142 行.
INFO: Run Behavior\ParseTemplateBehavior [ RunTime:0.014000s ]
INFO: [ view_parse ] --END-- [ RunTime:0.014000s ]
INFO: [ view_filter ] --START--
INFO: Run Behavior\WriteHtmlCacheBehavior [ RunTime:0.000000s ]
INFO: [ view_filter ] --END-- [ RunTime:0.000000s ]
INFO: [ app_end ] --START--
INFO: Run Behavior\ShowPageTraceBehavior [ RunTime:0.001000s ]
INFO: [ app_end ] --END-- [ RunTime:0.001000s ]

[ 2017-06-02T21:51:03+08:00 ] 127.0.0.1 /index.php/Admin/Article/article_list
INFO: [ app_init ] --START--
INFO: Run Behavior\BuildLiteBehavior [ RunTime:0.000000s ]
INFO: [ app_init ] --END-- [ RunTime:0.000000s ]
INFO: [ app_begin ] --START--
INFO: Run Behavior\ReadHtmlCacheBehavior [ RunTime:0.001000s ]
INFO: [ app_begin ] --END-- [ RunTime:0.001000s ]
NOTIC: [2048] Declaration of Admin\Controller\ArticleController::_initialize() should be compatible with Admin\Controller\BaseController::_initialize($islogin = true) F:\tpBlog\Application\Admin\Controller\ArticleController.class.php 第 4 行.
SQL: SHOW COLUMNS FROM `b_article` [ RunTime:0.0060s ]
SQL: SHOW COLUMNS FROM `b_article_category` [ RunTime:0.0070s ]
SQL: SELECT COUNT(*) AS tp_count FROM `b_article` LIMIT 1   [ RunTime:0.0010s ]
SQL: select * from b_article Limit 0, 10 [ RunTime:0.0020s ]
SQL: SELECT * FROM `b_article_category` WHERE `id` = 0 LIMIT 1   [ RunTime:0.0000s ]

[ 2017-06-02T21:52:03+08:00 ] 127.0.0.1 /index.php/Admin/Article/article_list.html
INFO: [ app_init ] --START--
INFO: Run Behavior\BuildLiteBehavior [ RunTime:0.000000s ]
INFO: [ app_init ] --END-- [ RunTime:0.001000s ]
INFO: [ app_begin ] --START--
INFO: Run Behavior\ReadHtmlCacheBehavior [ RunTime:0.001000s ]
INFO: [ app_begin ] --END-- [ RunTime:0.001000s ]
NOTIC: [2048] Declaration of Admin\Controller\ArticleController::_initialize() should be compatible with Admin\Controller\BaseController::_initialize($islogin = true) F:\tpBlog\Application\Admin\Controller\ArticleController.class.php 第 4 行.
SQL: SHOW COLUMNS FROM `b_article` [ RunTime:0.0080s ]
SQL: SHOW COLUMNS FROM `b_article_category` [ RunTime:0.0060s ]
INFO: [ view_parse ] --START--
INFO: [ template_filter ] --START--
INFO: Run Behavior\ContentReplaceBehavior [ RunTime:0.000000s ]
INFO: [ template_filter ] --END-- [ RunTime:0.000000s ]
NOTIC: [8] Undefined variable: result F:\tpBlog\Application\Runtime\Cache\Admin\f68c5a1a42542d9b876352dd3eb66abd.php 第 142 行.
INFO: Run Behavior\ParseTemplateBehavior [ RunTime:0.011001s ]
INFO: [ view_parse ] --END-- [ RunTime:0.011001s ]
INFO: [ view_filter ] --START--
INFO: Run Behavior\WriteHtmlCacheBehavior [ RunTime:0.000000s ]
INFO: [ view_filter ] --END-- [ RunTime:0.000000s ]
INFO: [ app_end ] --START--
INFO: Run Behavior\ShowPageTraceBehavior [ RunTime:0.001000s ]
INFO: [ app_end ] --END-- [ RunTime:0.001000s ]

[ 2017-06-02T21:52:03+08:00 ] 127.0.0.1 /index.php/Admin/Article/article_list
INFO: [ app_init ] --START--
INFO: Run Behavior\BuildLiteBehavior [ RunTime:0.000000s ]
INFO: [ app_init ] --END-- [ RunTime:0.000000s ]
INFO: [ app_begin ] --START--
INFO: Run Behavior\ReadHtmlCacheBehavior [ RunTime:0.000000s ]
INFO: [ app_begin ] --END-- [ RunTime:0.001000s ]
NOTIC: [2048] Declaration of Admin\Controller\ArticleController::_initialize() should be compatible with Admin\Controller\BaseController::_initialize($islogin = true) F:\tpBlog\Application\Admin\Controller\ArticleController.class.php 第 4 行.
SQL: SHOW COLUMNS FROM `b_article` [ RunTime:0.0070s ]
SQL: SHOW COLUMNS FROM `b_article_category` [ RunTime:0.0060s ]
SQL: SELECT COUNT(*) AS tp_count FROM `b_article` LIMIT 1   [ RunTime:0.0000s ]
SQL: select * from b_article Limit 10, 10 [ RunTime:0.0010s ]

[ 2017-06-02T21:52:14+08:00 ] 127.0.0.1 /index.php/Admin/Article/article_list.html
INFO: [ app_init ] --START--
INFO: Run Behavior\BuildLiteBehavior [ RunTime:0.000000s ]
INFO: [ app_init ] --END-- [ RunTime:0.000000s ]
INFO: [ app_begin ] --START--
INFO: Run Behavior\ReadHtmlCacheBehavior [ RunTime:0.000000s ]
INFO: [ app_begin ] --END-- [ RunTime:0.000000s ]
NOTIC: [2048] Declaration of Admin\Controller\ArticleController::_initialize() should be compatible with Admin\Controller\BaseController::_initialize($islogin = true) F:\tpBlog\Application\Admin\Controller\ArticleController.class.php 第 4 行.
SQL: SHOW COLUMNS FROM `b_article` [ RunTime:0.0040s ]
SQL: SHOW COLUMNS FROM `b_article_category` [ RunTime:0.0050s ]
INFO: [ view_parse ] --START--
INFO: [ template_filter ] --START--
INFO: Run Behavior\ContentReplaceBehavior [ RunTime:0.000000s ]
INFO: [ template_filter ] --END-- [ RunTime:0.000000s ]
NOTIC: [8] Undefined variable: result F:\tpBlog\Application\Runtime\Cache\Admin\f68c5a1a42542d9b876352dd3eb66abd.php 第 142 行.
INFO: Run Behavior\ParseTemplateBehavior [ RunTime:0.012001s ]
INFO: [ view_parse ] --END-- [ RunTime:0.012001s ]
INFO: [ view_filter ] --START--
INFO: Run Behavior\WriteHtmlCacheBehavior [ RunTime:0.001000s ]
INFO: [ view_filter ] --END-- [ RunTime:0.001000s ]
INFO: [ app_end ] --START--
INFO: Run Behavior\ShowPageTraceBehavior [ RunTime:0.001000s ]
INFO: [ app_end ] --END-- [ RunTime:0.002000s ]

[ 2017-06-02T21:52:15+08:00 ] 127.0.0.1 /index.php/Admin/Article/article_list
INFO: [ app_init ] --START--
INFO: Run Behavior\BuildLiteBehavior [ RunTime:0.000000s ]
INFO: [ app_init ] --END-- [ RunTime:0.001000s ]
INFO: [ app_begin ] --START--
INFO: Run Behavior\ReadHtmlCacheBehavior [ RunTime:0.001000s ]
INFO: [ app_begin ] --END-- [ RunTime:0.001000s ]
NOTIC: [2048] Declaration of Admin\Controller\ArticleController::_initialize() should be compatible with Admin\Controller\BaseController::_initialize($islogin = true) F:\tpBlog\Application\Admin\Controller\ArticleController.class.php 第 4 行.
SQL: SHOW COLUMNS FROM `b_article` [ RunTime:0.0050s ]
SQL: SHOW COLUMNS FROM `b_article_category` [ RunTime:0.0050s ]
SQL: SELECT COUNT(*) AS tp_count FROM `b_article` LIMIT 1   [ RunTime:0.0000s ]
SQL: select * from b_article Limit 0, 10 [ RunTime:0.0020s ]
SQL: SELECT * FROM `b_article_category` WHERE `id` = 0 LIMIT 1   [ RunTime:0.0010s ]

[ 2017-06-02T21:54:31+08:00 ] 127.0.0.1 /index.php/Admin/Article/article_list.html
INFO: [ app_init ] --START--
INFO: Run Behavior\BuildLiteBehavior [ RunTime:0.000000s ]
INFO: [ app_init ] --END-- [ RunTime:0.001000s ]
INFO: [ app_begin ] --START--
INFO: Run Behavior\ReadHtmlCacheBehavior [ RunTime:0.001000s ]
INFO: [ app_begin ] --END-- [ RunTime:0.001000s ]
NOTIC: [2048] Declaration of Admin\Controller\ArticleController::_initialize() should be compatible with Admin\Controller\BaseController::_initialize($islogin = true) F:\tpBlog\Application\Admin\Controller\ArticleController.class.php 第 4 行.
SQL: SHOW COLUMNS FROM `b_article` [ RunTime:0.0040s ]
SQL: SHOW COLUMNS FROM `b_article_category` [ RunTime:0.0030s ]
INFO: [ view_parse ] --START--
INFO: [ template_filter ] --START--
INFO: Run Behavior\ContentReplaceBehavior [ RunTime:0.000000s ]
INFO: [ template_filter ] --END-- [ RunTime:0.001000s ]
NOTIC: [8] Undefined variable: result F:\tpBlog\Application\Runtime\Cache\Admin\f68c5a1a42542d9b876352dd3eb66abd.php 第 142 行.
INFO: Run Behavior\ParseTemplateBehavior [ RunTime:0.013000s ]
INFO: [ view_parse ] --END-- [ RunTime:0.013000s ]
INFO: [ view_filter ] --START--
INFO: Run Behavior\WriteHtmlCacheBehavior [ RunTime:0.000000s ]
INFO: [ view_filter ] --END-- [ RunTime:0.000000s ]
INFO: [ app_end ] --START--
INFO: Run Behavior\ShowPageTraceBehavior [ RunTime:0.001001s ]
INFO: [ app_end ] --END-- [ RunTime:0.001001s ]

[ 2017-06-02T21:54:32+08:00 ] 127.0.0.1 /index.php/Admin/Article/article_list
INFO: [ app_init ] --START--
INFO: Run Behavior\BuildLiteBehavior [ RunTime:0.000000s ]
INFO: [ app_init ] --END-- [ RunTime:0.001000s ]
INFO: [ app_begin ] --START--
INFO: Run Behavior\ReadHtmlCacheBehavior [ RunTime:0.000000s ]
INFO: [ app_begin ] --END-- [ RunTime:0.000000s ]
NOTIC: [2048] Declaration of Admin\Controller\ArticleController::_initialize() should be compatible with Admin\Controller\BaseController::_initialize($islogin = true) F:\tpBlog\Application\Admin\Controller\ArticleController.class.php 第 4 行.
SQL: SHOW COLUMNS FROM `b_article` [ RunTime:0.0060s ]
SQL: SHOW COLUMNS FROM `b_article_category` [ RunTime:0.0050s ]
SQL: SELECT COUNT(*) AS tp_count FROM `b_article` LIMIT 1   [ RunTime:0.0000s ]
SQL: select * from b_article Limit 0, 10 [ RunTime:0.0010s ]
SQL: SELECT * FROM `b_article_category` WHERE `id` = 0 LIMIT 1   [ RunTime:0.0000s ]

[ 2017-06-02T21:54:51+08:00 ] 127.0.0.1 /index.php/Admin/Article/article_list.html
INFO: [ app_init ] --START--
INFO: Run Behavior\BuildLiteBehavior [ RunTime:0.000000s ]
INFO: [ app_init ] --END-- [ RunTime:0.001000s ]
INFO: [ app_begin ] --START--
INFO: Run Behavior\ReadHtmlCacheBehavior [ RunTime:0.000000s ]
INFO: [ app_begin ] --END-- [ RunTime:0.000000s ]
NOTIC: [2048] Declaration of Admin\Controller\ArticleController::_initialize() should be compatible with Admin\Controller\BaseController::_initialize($islogin = true) F:\tpBlog\Application\Admin\Controller\ArticleController.class.php 第 4 行.
SQL: SHOW COLUMNS FROM `b_article` [ RunTime:0.0040s ]
SQL: SHOW COLUMNS FROM `b_article_category` [ RunTime:0.0040s ]
INFO: [ view_parse ] --START--
INFO: [ template_filter ] --START--
INFO: Run Behavior\ContentReplaceBehavior [ RunTime:0.000000s ]
INFO: [ template_filter ] --END-- [ RunTime:0.000000s ]
NOTIC: [8] Undefined variable: result F:\tpBlog\Application\Runtime\Cache\Admin\f68c5a1a42542d9b876352dd3eb66abd.php 第 142 行.
INFO: Run Behavior\ParseTemplateBehavior [ RunTime:0.016001s ]
INFO: [ view_parse ] --END-- [ RunTime:0.016001s ]
INFO: [ view_filter ] --START--
INFO: Run Behavior\WriteHtmlCacheBehavior [ RunTime:0.000000s ]
INFO: [ view_filter ] --END-- [ RunTime:0.000000s ]
INFO: [ app_end ] --START--
INFO: Run Behavior\ShowPageTraceBehavior [ RunTime:0.000000s ]
INFO: [ app_end ] --END-- [ RunTime:0.000000s ]

[ 2017-06-02T21:54:51+08:00 ] 127.0.0.1 /index.php/Admin/Article/article_list
INFO: [ app_init ] --START--
INFO: Run Behavior\BuildLiteBehavior [ RunTime:0.000000s ]
INFO: [ app_init ] --END-- [ RunTime:0.000000s ]
INFO: [ app_begin ] --START--
INFO: Run Behavior\ReadHtmlCacheBehavior [ RunTime:0.000000s ]
INFO: [ app_begin ] --END-- [ RunTime:0.000000s ]
NOTIC: [2048] Declaration of Admin\Controller\ArticleController::_initialize() should be compatible with Admin\Controller\BaseController::_initialize($islogin = true) F:\tpBlog\Application\Admin\Controller\ArticleController.class.php 第 4 行.
SQL: SHOW COLUMNS FROM `b_article` [ RunTime:0.0050s ]
SQL: SHOW COLUMNS FROM `b_article_category` [ RunTime:0.0040s ]
SQL: SELECT COUNT(*) AS tp_count FROM `b_article` LIMIT 1   [ RunTime:0.0010s ]
SQL: select * from b_article Limit 10, 10 [ RunTime:0.0010s ]

