[ 2017-06-06T09:10:04+08:00 ] 127.0.0.1 /index.php/Admin/Index/index
INFO: [ app_init ] --START--
INFO: Run Behavior\BuildLiteBehavior [ RunTime:0.000000s ]
INFO: [ app_init ] --END-- [ RunTime:0.000000s ]
INFO: [ app_begin ] --START--
INFO: Run Behavior\ReadHtmlCacheBehavior [ RunTime:0.000000s ]
INFO: [ app_begin ] --END-- [ RunTime:0.001000s ]
NOTIC: [8] A session had already been started - ignoring session_start() F:\tpTest\ThinkPHP\Common\functions.php 第 1263 行.
NOTIC: [2048] Declaration of Admin\Controller\IndexController::_initialize() should be compatible with Admin\Controller\BaseController::_initialize($islogin = true) F:\tpTest\Application\Admin\Controller\IndexController.class.php 第 4 行.
NOTIC: [2048] Declaration of Admin\Controller\IndexController::error() should be compatible with Think\Controller::error($message = '', $jumpUrl = '', $ajax = false) F:\tpTest\Application\Admin\Controller\IndexController.class.php 第 4 行.
NOTIC: [8] Undefined index: is_login F:\tpTest\Application\Admin\Controller\BaseController.class.php 第 22 行.

[ 2017-06-06T09:10:04+08:00 ] 127.0.0.1 /index.php/Admin/Login/login
INFO: [ app_init ] --START--
INFO: Run Behavior\BuildLiteBehavior [ RunTime:0.000000s ]
INFO: [ app_init ] --END-- [ RunTime:0.000000s ]
INFO: [ app_begin ] --START--
INFO: Run Behavior\ReadHtmlCacheBehavior [ RunTime:0.000000s ]
INFO: [ app_begin ] --END-- [ RunTime:0.000000s ]
NOTIC: [8] A session had already been started - ignoring session_start() F:\tpTest\ThinkPHP\Common\functions.php 第 1263 行.
SQL: SHOW COLUMNS FROM `b_user` [ RunTime:0.0020s ]
INFO: [ view_parse ] --START--
INFO: [ template_filter ] --START--
INFO: Run Behavior\ContentReplaceBehavior [ RunTime:0.000000s ]
INFO: [ template_filter ] --END-- [ RunTime:0.000000s ]
INFO: Run Behavior\ParseTemplateBehavior [ RunTime:0.004000s ]
INFO: [ view_parse ] --END-- [ RunTime:0.004000s ]
INFO: [ view_filter ] --START--
INFO: Run Behavior\WriteHtmlCacheBehavior [ RunTime:0.001001s ]
INFO: [ view_filter ] --END-- [ RunTime:0.001001s ]
INFO: [ app_end ] --START--
INFO: Run Behavior\ShowPageTraceBehavior [ RunTime:0.000000s ]
INFO: [ app_end ] --END-- [ RunTime:0.000000s ]

[ 2017-06-06T09:10:04+08:00 ] 127.0.0.1 /index.php/Admin/Login/verify_c
INFO: [ app_init ] --START--
INFO: Run Behavior\BuildLiteBehavior [ RunTime:0.000000s ]
INFO: [ app_init ] --END-- [ RunTime:0.001000s ]
INFO: [ app_begin ] --START--
INFO: Run Behavior\ReadHtmlCacheBehavior [ RunTime:0.000000s ]
INFO: [ app_begin ] --END-- [ RunTime:0.000000s ]
NOTIC: [8] A session had already been started - ignoring session_start() F:\tpTest\ThinkPHP\Common\functions.php 第 1263 行.
INFO: [ app_end ] --START--
INFO: Run Behavior\ShowPageTraceBehavior [ RunTime:0.000000s ]
INFO: [ app_end ] --END-- [ RunTime:0.000000s ]

[ 2017-06-06T09:10:06+08:00 ] 127.0.0.1 /index.php/Admin/Login/login
INFO: [ app_init ] --START--
INFO: Run Behavior\BuildLiteBehavior [ RunTime:0.000000s ]
INFO: [ app_init ] --END-- [ RunTime:0.000000s ]
INFO: [ app_begin ] --START--
INFO: Run Behavior\ReadHtmlCacheBehavior [ RunTime:0.001000s ]
INFO: [ app_begin ] --END-- [ RunTime:0.001000s ]
NOTIC: [8] A session had already been started - ignoring session_start() F:\tpTest\ThinkPHP\Common\functions.php 第 1263 行.
SQL: SHOW COLUMNS FROM `b_user` [ RunTime:0.0030s ]

[ 2017-06-06T09:10:12+08:00 ] 127.0.0.1 /index.php/Admin/Login/login
INFO: [ app_init ] --START--
INFO: Run Behavior\BuildLiteBehavior [ RunTime:0.000000s ]
INFO: [ app_init ] --END-- [ RunTime:0.000000s ]
INFO: [ app_begin ] --START--
INFO: Run Behavior\ReadHtmlCacheBehavior [ RunTime:0.000000s ]
INFO: [ app_begin ] --END-- [ RunTime:0.000000s ]
NOTIC: [8] A session had already been started - ignoring session_start() F:\tpTest\ThinkPHP\Common\functions.php 第 1263 行.
SQL: SHOW COLUMNS FROM `b_user` [ RunTime:0.0030s ]
NOTIC: [8] Undefined index: auto F:\tpTest\ThinkPHP\Library\Think\Model.class.php 第 1128 行.

[ 2017-06-06T09:10:18+08:00 ] 127.0.0.1 /index.php/Admin/Login/login
INFO: [ app_init ] --START--
INFO: Run Behavior\BuildLiteBehavior [ RunTime:0.000000s ]
INFO: [ app_init ] --END-- [ RunTime:0.001000s ]
INFO: [ app_begin ] --START--
INFO: Run Behavior\ReadHtmlCacheBehavior [ RunTime:0.001001s ]
INFO: [ app_begin ] --END-- [ RunTime:0.001001s ]
NOTIC: [8] A session had already been started - ignoring session_start() F:\tpTest\ThinkPHP\Common\functions.php 第 1263 行.
SQL: SHOW COLUMNS FROM `b_user` [ RunTime:0.0030s ]
NOTIC: [8] Undefined index: auto F:\tpTest\ThinkPHP\Library\Think\Model.class.php 第 1128 行.
SQL: SELECT * FROM `b_user` WHERE `username` = 'yxl' AND `password` = 'c2ebe01cd05aeac16b78dc9177171dd4' LIMIT 1   [ RunTime:0.0010s ]
NOTIC: [8] A session had already been started - ignoring session_start() F:\tpTest\ThinkPHP\Common\functions.php 第 1263 行.

[ 2017-06-06T09:10:19+08:00 ] 127.0.0.1 /index.php/Admin/Index/index
INFO: [ app_init ] --START--
INFO: Run Behavior\BuildLiteBehavior [ RunTime:0.000000s ]
INFO: [ app_init ] --END-- [ RunTime:0.000000s ]
INFO: [ app_begin ] --START--
INFO: Run Behavior\ReadHtmlCacheBehavior [ RunTime:0.000000s ]
INFO: [ app_begin ] --END-- [ RunTime:0.000000s ]
NOTIC: [8] A session had already been started - ignoring session_start() F:\tpTest\ThinkPHP\Common\functions.php 第 1263 行.
NOTIC: [2048] Declaration of Admin\Controller\IndexController::_initialize() should be compatible with Admin\Controller\BaseController::_initialize($islogin = true) F:\tpTest\Application\Admin\Controller\IndexController.class.php 第 4 行.
NOTIC: [2048] Declaration of Admin\Controller\IndexController::error() should be compatible with Think\Controller::error($message = '', $jumpUrl = '', $ajax = false) F:\tpTest\Application\Admin\Controller\IndexController.class.php 第 4 行.
INFO: [ view_parse ] --START--
INFO: [ template_filter ] --START--
INFO: Run Behavior\ContentReplaceBehavior [ RunTime:0.000000s ]
INFO: [ template_filter ] --END-- [ RunTime:0.000000s ]
INFO: Run Behavior\ParseTemplateBehavior [ RunTime:0.053202s ]
INFO: [ view_parse ] --END-- [ RunTime:0.053202s ]
INFO: [ view_filter ] --START--
INFO: Run Behavior\WriteHtmlCacheBehavior [ RunTime:0.001000s ]
INFO: [ view_filter ] --END-- [ RunTime:0.001000s ]
INFO: [ app_end ] --START--
INFO: Run Behavior\ShowPageTraceBehavior [ RunTime:0.001000s ]
INFO: [ app_end ] --END-- [ RunTime:0.001000s ]

[ 2017-06-06T09:10:21+08:00 ] 127.0.0.1 /index.php/Admin/Article/article_list.html
INFO: [ app_init ] --START--
INFO: Run Behavior\BuildLiteBehavior [ RunTime:0.000000s ]
INFO: [ app_init ] --END-- [ RunTime:0.001000s ]
INFO: [ app_begin ] --START--
INFO: Run Behavior\ReadHtmlCacheBehavior [ RunTime:0.000000s ]
INFO: [ app_begin ] --END-- [ RunTime:0.001000s ]
NOTIC: [8] A session had already been started - ignoring session_start() F:\tpTest\ThinkPHP\Common\functions.php 第 1263 行.
NOTIC: [2048] Declaration of Admin\Controller\ArticleController::_initialize() should be compatible with Admin\Controller\BaseController::_initialize($islogin = true) F:\tpTest\Application\Admin\Controller\ArticleController.class.php 第 4 行.
SQL: SHOW COLUMNS FROM `b_article` [ RunTime:0.0350s ]
SQL: SHOW COLUMNS FROM `b_article_category` [ RunTime:0.0180s ]
INFO: [ view_parse ] --START--
INFO: [ template_filter ] --START--
INFO: Run Behavior\ContentReplaceBehavior [ RunTime:0.000000s ]
INFO: [ template_filter ] --END-- [ RunTime:0.000000s ]
NOTIC: [8] Undefined variable: result F:\tpTest\Application\Runtime\Cache\Admin\f68c5a1a42542d9b876352dd3eb66abd.php 第 143 行.
INFO: Run Behavior\ParseTemplateBehavior [ RunTime:0.022001s ]
INFO: [ view_parse ] --END-- [ RunTime:0.022001s ]
INFO: [ view_filter ] --START--
INFO: Run Behavior\WriteHtmlCacheBehavior [ RunTime:0.000000s ]
INFO: [ view_filter ] --END-- [ RunTime:0.000000s ]
INFO: [ app_end ] --START--
INFO: Run Behavior\ShowPageTraceBehavior [ RunTime:0.001000s ]
INFO: [ app_end ] --END-- [ RunTime:0.001000s ]

[ 2017-06-06T09:10:21+08:00 ] 127.0.0.1 /index.php/Admin/Article/article_list
INFO: [ app_init ] --START--
INFO: Run Behavior\BuildLiteBehavior [ RunTime:0.001000s ]
INFO: [ app_init ] --END-- [ RunTime:0.001000s ]
INFO: [ app_begin ] --START--
INFO: Run Behavior\ReadHtmlCacheBehavior [ RunTime:0.000000s ]
INFO: [ app_begin ] --END-- [ RunTime:0.000000s ]
NOTIC: [8] A session had already been started - ignoring session_start() F:\tpTest\ThinkPHP\Common\functions.php 第 1263 行.
NOTIC: [2048] Declaration of Admin\Controller\ArticleController::_initialize() should be compatible with Admin\Controller\BaseController::_initialize($islogin = true) F:\tpTest\Application\Admin\Controller\ArticleController.class.php 第 4 行.
SQL: SHOW COLUMNS FROM `b_article` [ RunTime:0.0030s ]
SQL: SHOW COLUMNS FROM `b_article_category` [ RunTime:0.0020s ]
SQL: SELECT COUNT(*) AS tp_count FROM `b_article` LIMIT 1   [ RunTime:0.0000s ]
SQL: select * from b_article Limit 0, 10 [ RunTime:0.0000s ]
SQL: SELECT * FROM `b_article_category` WHERE `id` = 20 LIMIT 1   [ RunTime:0.0000s ]
SQL: SELECT * FROM `b_article_category` WHERE `id` = 0 LIMIT 1   [ RunTime:0.0000s ]
SQL: SELECT * FROM `b_article_category` WHERE `id` = 0 LIMIT 1   [ RunTime:0.0000s ]
SQL: SELECT * FROM `b_article_category` WHERE `id` = 21 LIMIT 1   [ RunTime:0.0000s ]
SQL: SELECT * FROM `b_article_category` WHERE `id` = 0 LIMIT 1   [ RunTime:0.0000s ]

[ 2017-06-06T09:11:34+08:00 ] 127.0.0.1 /index.php/Admin/Article/article_list
INFO: [ app_init ] --START--
INFO: Run Behavior\BuildLiteBehavior [ RunTime:0.000000s ]
INFO: [ app_init ] --END-- [ RunTime:0.000000s ]
INFO: [ app_begin ] --START--
INFO: Run Behavior\ReadHtmlCacheBehavior [ RunTime:0.001000s ]
INFO: [ app_begin ] --END-- [ RunTime:0.001000s ]
NOTIC: [8] A session had already been started - ignoring session_start() F:\tpTest\ThinkPHP\Common\functions.php 第 1263 行.
NOTIC: [2048] Declaration of Admin\Controller\ArticleController::_initialize() should be compatible with Admin\Controller\BaseController::_initialize($islogin = true) F:\tpTest\Application\Admin\Controller\ArticleController.class.php 第 4 行.
SQL: SHOW COLUMNS FROM `b_article` [ RunTime:0.0030s ]
SQL: SHOW COLUMNS FROM `b_article_category` [ RunTime:0.0020s ]
SQL: SELECT COUNT(*) AS tp_count FROM `b_article` LIMIT 1   [ RunTime:0.0000s ]
SQL: select * from b_article Limit 0, 10 [ RunTime:0.0000s ]
SQL: SELECT * FROM `b_article_category` WHERE `id` = 20 LIMIT 1   [ RunTime:0.0010s ]
SQL: SELECT * FROM `b_article_category` WHERE `id` = 0 LIMIT 1   [ RunTime:0.0000s ]
SQL: SELECT * FROM `b_article_category` WHERE `id` = 0 LIMIT 1   [ RunTime:0.0000s ]
SQL: SELECT * FROM `b_article_category` WHERE `id` = 21 LIMIT 1   [ RunTime:0.0000s ]
SQL: SELECT * FROM `b_article_category` WHERE `id` = 0 LIMIT 1   [ RunTime:0.0000s ]

[ 2017-06-06T09:11:34+08:00 ] 127.0.0.1 /index.php/Admin/Article/article_list
INFO: [ app_init ] --START--
INFO: Run Behavior\BuildLiteBehavior [ RunTime:0.000000s ]
INFO: [ app_init ] --END-- [ RunTime:0.000000s ]
INFO: [ app_begin ] --START--
INFO: Run Behavior\ReadHtmlCacheBehavior [ RunTime:0.001000s ]
INFO: [ app_begin ] --END-- [ RunTime:0.001000s ]
NOTIC: [8] A session had already been started - ignoring session_start() F:\tpTest\ThinkPHP\Common\functions.php 第 1263 行.
NOTIC: [2048] Declaration of Admin\Controller\ArticleController::_initialize() should be compatible with Admin\Controller\BaseController::_initialize($islogin = true) F:\tpTest\Application\Admin\Controller\ArticleController.class.php 第 4 行.
SQL: SHOW COLUMNS FROM `b_article` [ RunTime:0.0030s ]
SQL: SHOW COLUMNS FROM `b_article_category` [ RunTime:0.0020s ]
SQL: SELECT COUNT(*) AS tp_count FROM `b_article` LIMIT 1   [ RunTime:0.0000s ]
SQL: select * from b_article Limit 0, 10 [ RunTime:0.0010s ]
SQL: SELECT * FROM `b_article_category` WHERE `id` = 20 LIMIT 1   [ RunTime:0.0000s ]
SQL: SELECT * FROM `b_article_category` WHERE `id` = 0 LIMIT 1   [ RunTime:0.0000s ]
SQL: SELECT * FROM `b_article_category` WHERE `id` = 0 LIMIT 1   [ RunTime:0.0000s ]
SQL: SELECT * FROM `b_article_category` WHERE `id` = 21 LIMIT 1   [ RunTime:0.0000s ]
SQL: SELECT * FROM `b_article_category` WHERE `id` = 0 LIMIT 1   [ RunTime:0.0000s ]

[ 2017-06-06T09:11:35+08:00 ] 127.0.0.1 /index.php/Admin/Article/article_list
INFO: [ app_init ] --START--
INFO: Run Behavior\BuildLiteBehavior [ RunTime:0.000000s ]
INFO: [ app_init ] --END-- [ RunTime:0.000000s ]
INFO: [ app_begin ] --START--
INFO: Run Behavior\ReadHtmlCacheBehavior [ RunTime:0.000000s ]
INFO: [ app_begin ] --END-- [ RunTime:0.000000s ]
NOTIC: [8] A session had already been started - ignoring session_start() F:\tpTest\ThinkPHP\Common\functions.php 第 1263 行.
NOTIC: [2048] Declaration of Admin\Controller\ArticleController::_initialize() should be compatible with Admin\Controller\BaseController::_initialize($islogin = true) F:\tpTest\Application\Admin\Controller\ArticleController.class.php 第 4 行.
SQL: SHOW COLUMNS FROM `b_article` [ RunTime:0.0030s ]
SQL: SHOW COLUMNS FROM `b_article_category` [ RunTime:0.0020s ]
SQL: SELECT COUNT(*) AS tp_count FROM `b_article` LIMIT 1   [ RunTime:0.0000s ]
SQL: select * from b_article Limit 0, 10 [ RunTime:0.0000s ]
SQL: SELECT * FROM `b_article_category` WHERE `id` = 20 LIMIT 1   [ RunTime:0.0010s ]
SQL: SELECT * FROM `b_article_category` WHERE `id` = 0 LIMIT 1   [ RunTime:0.0000s ]
SQL: SELECT * FROM `b_article_category` WHERE `id` = 0 LIMIT 1   [ RunTime:0.0000s ]
SQL: SELECT * FROM `b_article_category` WHERE `id` = 21 LIMIT 1   [ RunTime:0.0000s ]
SQL: SELECT * FROM `b_article_category` WHERE `id` = 0 LIMIT 1   [ RunTime:0.0000s ]

